A51 MACRO ASSEMBLER  CONFIG                                                               12/15/2015 17:47:21 PAGE     1


MACRO ASSEMBLER A51 V8.02c
OBJECT MODULE PLACED IN .\Objects\config.obj
ASSEMBLER INVOKED BY: C:\Keil_v5\C51\BIN\A51.EXE config.asm SET(SMALL) DEBUG PRINT(.\Listings\config.lst) OBJECT(.\Objec
                      ts\config.obj) EP

LOC  OBJ            LINE     SOURCE

                       1     
                       2     PUBLIC CONFIG, CONFIG2, CONFIG3
                       3     
                       4     
                       5     STA013_config SEGMENT CODE
----                   6             RSEG STA013_config
                       7     
                       8     
                       9     
0000                  10     CONFIG:
0000 3A01             11     DB 58, 1
0002 2A04             12     DB 42, 4
0004 2800             13     DB 40, 0
0006 2900             14     DB 41, 0
0008 2000             15     DB 32, 0
000A 2100             16     DB 33, 0
000C 2200             17     DB 34, 0
000E 2300             18     DB 35, 0
0010 2400             19     DB 36, 0
0012 2500             20     DB 37, 0
0014 2600             21     DB 38, 0
0016 2700             22     DB 39, 0
0018 2801             23     DB 40, 1
001A 2802             24     DB 40, 2
001C 218F             25     DB 33, 143
001E 2803             26     DB 40, 3
0020 2100             27     DB 33, 0
0022 2804             28     DB 40, 4
0024 2805             29     DB 40, 5
0026 2806             30     DB 40, 6
0028 2807             31     DB 40, 7
002A 2808             32     DB 40, 8
002C 2809             33     DB 40, 9
002E 280A             34     DB 40, 10
0030 280B             35     DB 40, 11
0032 280C             36     DB 40, 12
0034 2080             37     DB 32, 128
0036 2190             38     DB 33, 144
0038 280D             39     DB 40, 13
003A 2000             40     DB 32, 0
003C 2100             41     DB 33, 0
003E 280E             42     DB 40, 14
0040 2081             43     DB 32, 129
0042 2191             44     DB 33, 145
0044 280F             45     DB 40, 15
0046 2000             46     DB 32, 0
0048 2192             47     DB 33, 146
004A 2810             48     DB 40, 16
004C 2100             49     DB 33, 0
004E 2811             50     DB 40, 17
0050 2193             51     DB 33, 147
0052 2812             52     DB 40, 18
0054 2100             53     DB 33, 0
0056 2813             54     DB 40, 19
0058 2814             55     DB 40, 20
005A 2815             56     DB 40, 21
005C 2082             57     DB 32, 130
A51 MACRO ASSEMBLER  CONFIG                                                               12/15/2015 17:47:21 PAGE     2

005E 2816             58     DB 40, 22
0060 2000             59     DB 32, 0
0062 2817             60     DB 40, 23
0064 2818             61     DB 40, 24
0066 2819             62     DB 40, 25
0068 2194             63     DB 33, 148
006A 281A             64     DB 40, 26
006C 2195             65     DB 33, 149
006E 281B             66     DB 40, 27
0070 2196             67     DB 33, 150
0072 281C             68     DB 40, 28
0074 2100             69     DB 33, 0
0076 281D             70     DB 40, 29
0078 2083             71     DB 32, 131
007A 281E             72     DB 40, 30
007C 2000             73     DB 32, 0
007E 281F             74     DB 40, 31
0080 2197             75     DB 33, 151
0082 2820             76     DB 40, 32
0084 2100             77     DB 33, 0
0086 2821             78     DB 40, 33
0088 2822             79     DB 40, 34
008A 2823             80     DB 40, 35
008C 2824             81     DB 40, 36
008E 2825             82     DB 40, 37
0090 2826             83     DB 40, 38
0092 2827             84     DB 40, 39
0094 2828             85     DB 40, 40
0096 2829             86     DB 40, 41
0098 282A             87     DB 40, 42
009A 2084             88     DB 32, 132
009C 282B             89     DB 40, 43
009E 2000             90     DB 32, 0
00A0 282C             91     DB 40, 44
00A2 282D             92     DB 40, 45
00A4 282E             93     DB 40, 46
00A6 282F             94     DB 40, 47
00A8 2830             95     DB 40, 48
00AA 2831             96     DB 40, 49
00AC 2832             97     DB 40, 50
00AE 2085             98     DB 32, 133
00B0 2833             99     DB 40, 51
00B2 2000            100     DB 32, 0
00B4 2834            101     DB 40, 52
00B6 2835            102     DB 40, 53
00B8 2836            103     DB 40, 54
00BA 2837            104     DB 40, 55
00BC 2198            105     DB 33, 152
00BE 2838            106     DB 40, 56
00C0 2100            107     DB 33, 0
00C2 2839            108     DB 40, 57
00C4 283A            109     DB 40, 58
00C6 283B            110     DB 40, 59
00C8 283C            111     DB 40, 60
00CA 283D            112     DB 40, 61
00CC 283E            113     DB 40, 62
00CE 283F            114     DB 40, 63
00D0 2840            115     DB 40, 64
00D2 2841            116     DB 40, 65
00D4 2842            117     DB 40, 66
00D6 2843            118     DB 40, 67
00D8 2844            119     DB 40, 68
00DA 2845            120     DB 40, 69
00DC 2846            121     DB 40, 70
00DE 2847            122     DB 40, 71
00E0 2848            123     DB 40, 72
A51 MACRO ASSEMBLER  CONFIG                                                               12/15/2015 17:47:21 PAGE     3

00E2 2849            124     DB 40, 73
00E4 284A            125     DB 40, 74
00E6 284B            126     DB 40, 75
00E8 284C            127     DB 40, 76
00EA 284D            128     DB 40, 77
00EC 284E            129     DB 40, 78
00EE 284F            130     DB 40, 79
00F0 2850            131     DB 40, 80
00F2 2851            132     DB 40, 81
00F4 2852            133     DB 40, 82
00F6 2853            134     DB 40, 83
00F8 2854            135     DB 40, 84
00FA 2855            136     DB 40, 85
00FC 2856            137     DB 40, 86
00FE 2857            138     DB 40, 87
0100 2858            139     DB 40, 88
0102 2859            140     DB 40, 89
0104 285A            141     DB 40, 90
0106 285B            142     DB 40, 91
0108 285C            143     DB 40, 92
010A 285D            144     DB 40, 93
010C 285E            145     DB 40, 94
010E 285F            146     DB 40, 95
0110 2860            147     DB 40, 96
0112 2861            148     DB 40, 97
0114 2862            149     DB 40, 98
0116 2199            150     DB 33, 153
0118 2863            151     DB 40, 99
011A 2100            152     DB 33, 0
011C 2864            153     DB 40, 100
011E 2865            154     DB 40, 101
0120 2866            155     DB 40, 102
0122 2867            156     DB 40, 103
0124 2868            157     DB 40, 104
0126 2869            158     DB 40, 105
0128 286A            159     DB 40, 106
012A 286B            160     DB 40, 107
012C 286C            161     DB 40, 108
012E 286D            162     DB 40, 109
0130 286E            163     DB 40, 110
0132 286F            164     DB 40, 111
0134 2870            165     DB 40, 112
0136 2871            166     DB 40, 113
0138 2872            167     DB 40, 114
013A 2873            168     DB 40, 115
013C 2874            169     DB 40, 116
013E 2875            170     DB 40, 117
0140 2876            171     DB 40, 118
0142 2877            172     DB 40, 119
0144 2878            173     DB 40, 120
0146 2879            174     DB 40, 121
0148 287A            175     DB 40, 122
014A 287B            176     DB 40, 123
014C 287C            177     DB 40, 124
014E 287D            178     DB 40, 125
0150 287E            179     DB 40, 126
0152 287F            180     DB 40, 127
0154 2880            181     DB 40, 128
0156 2881            182     DB 40, 129
0158 2882            183     DB 40, 130
015A 2883            184     DB 40, 131
015C 2884            185     DB 40, 132
015E 2885            186     DB 40, 133
0160 2886            187     DB 40, 134
0162 2887            188     DB 40, 135
0164 2888            189     DB 40, 136
A51 MACRO ASSEMBLER  CONFIG                                                               12/15/2015 17:47:21 PAGE     4

0166 2889            190     DB 40, 137
0168 288A            191     DB 40, 138
016A 288B            192     DB 40, 139
016C 288C            193     DB 40, 140
016E 288D            194     DB 40, 141
0170 288E            195     DB 40, 142
0172 288F            196     DB 40, 143
0174 2890            197     DB 40, 144
0176 2891            198     DB 40, 145
0178 2086            199     DB 32, 134
017A 2892            200     DB 40, 146
017C 2087            201     DB 32, 135
017E 2893            202     DB 40, 147
0180 2000            203     DB 32, 0
0182 2894            204     DB 40, 148
0184 2895            205     DB 40, 149
0186 2896            206     DB 40, 150
0188 2897            207     DB 40, 151
018A 2898            208     DB 40, 152
018C 2899            209     DB 40, 153
018E 289A            210     DB 40, 154
0190 289B            211     DB 40, 155
0192 289C            212     DB 40, 156
0194 289D            213     DB 40, 157
0196 289E            214     DB 40, 158
0198 289F            215     DB 40, 159
019A 219A            216     DB 33, 154
019C 28A0            217     DB 40, 160
019E 2100            218     DB 33, 0
01A0 28A1            219     DB 40, 161
01A2 28A2            220     DB 40, 162
01A4 28A3            221     DB 40, 163
01A6 28A4            222     DB 40, 164
01A8 28A5            223     DB 40, 165
01AA 28A6            224     DB 40, 166
01AC 28A7            225     DB 40, 167
01AE 28A8            226     DB 40, 168
01B0 28A9            227     DB 40, 169
01B2 28AA            228     DB 40, 170
01B4 28AB            229     DB 40, 171
01B6 28AC            230     DB 40, 172
01B8 28AD            231     DB 40, 173
01BA 28AE            232     DB 40, 174
01BC 28AF            233     DB 40, 175
01BE 28B0            234     DB 40, 176
01C0 28B1            235     DB 40, 177
01C2 28B2            236     DB 40, 178
01C4 28B3            237     DB 40, 179
01C6 28B4            238     DB 40, 180
01C8 28B5            239     DB 40, 181
01CA 28B6            240     DB 40, 182
01CC 28B7            241     DB 40, 183
01CE 28B8            242     DB 40, 184
01D0 28B9            243     DB 40, 185
01D2 2088            244     DB 32, 136
01D4 28BA            245     DB 40, 186
01D6 2000            246     DB 32, 0
01D8 28BB            247     DB 40, 187
01DA 2089            248     DB 32, 137
01DC 28BC            249     DB 40, 188
01DE 2000            250     DB 32, 0
01E0 28BD            251     DB 40, 189
01E2 28BE            252     DB 40, 190
01E4 28BF            253     DB 40, 191
01E6 28C0            254     DB 40, 192
01E8 28C1            255     DB 40, 193
A51 MACRO ASSEMBLER  CONFIG                                                               12/15/2015 17:47:21 PAGE     5

01EA 28C2            256     DB 40, 194
01EC 28C3            257     DB 40, 195
01EE 219B            258     DB 33, 155
01F0 28C4            259     DB 40, 196
01F2 2100            260     DB 33, 0
01F4 28C5            261     DB 40, 197
01F6 28C6            262     DB 40, 198
01F8 28C7            263     DB 40, 199
01FA 28C8            264     DB 40, 200
01FC 28C9            265     DB 40, 201
01FE 28CA            266     DB 40, 202
0200 28CB            267     DB 40, 203
0202 28CC            268     DB 40, 204
0204 28CD            269     DB 40, 205
0206 28CE            270     DB 40, 206
0208 28CF            271     DB 40, 207
020A 28D0            272     DB 40, 208
020C 28D1            273     DB 40, 209
020E 28D2            274     DB 40, 210
0210 28D3            275     DB 40, 211
0212 28D4            276     DB 40, 212
0214 28D5            277     DB 40, 213
0216 28D6            278     DB 40, 214
0218 28D7            279     DB 40, 215
021A 28D8            280     DB 40, 216
021C 28D9            281     DB 40, 217
021E 28DA            282     DB 40, 218
0220 28DB            283     DB 40, 219
0222 28DC            284     DB 40, 220
0224 28DD            285     DB 40, 221
0226 28DE            286     DB 40, 222
0228 28DF            287     DB 40, 223
022A 28E0            288     DB 40, 224
022C 28E1            289     DB 40, 225
022E 208A            290     DB 32, 138
0230 28E2            291     DB 40, 226
0232 208B            292     DB 32, 139
0234 28E3            293     DB 40, 227
0236 2000            294     DB 32, 0
0238 28E4            295     DB 40, 228
023A 28E5            296     DB 40, 229
023C 28E6            297     DB 40, 230
023E 28E7            298     DB 40, 231
0240 28E8            299     DB 40, 232
0242 28E9            300     DB 40, 233
0244 28EA            301     DB 40, 234
0246 28EB            302     DB 40, 235
0248 28EC            303     DB 40, 236
024A 28ED            304     DB 40, 237
024C 28EE            305     DB 40, 238
024E 28EF            306     DB 40, 239
0250 28F0            307     DB 40, 240
0252 28F1            308     DB 40, 241
0254 28F2            309     DB 40, 242
0256 28F3            310     DB 40, 243
0258 28F4            311     DB 40, 244
025A 28F5            312     DB 40, 245
025C 28F6            313     DB 40, 246
025E 28F7            314     DB 40, 247
0260 28F8            315     DB 40, 248
0262 208C            316     DB 32, 140
0264 28F9            317     DB 40, 249
0266 2000            318     DB 32, 0
0268 219C            319     DB 33, 156
026A 28FA            320     DB 40, 250
026C 219D            321     DB 33, 157
A51 MACRO ASSEMBLER  CONFIG                                                               12/15/2015 17:47:21 PAGE     6

026E 28FB            322     DB 40, 251
0270 208D            323     DB 32, 141
0272 219E            324     DB 33, 158
0274 28FC            325     DB 40, 252
0276 208E            326     DB 32, 142
0278 219F            327     DB 33, 159
027A 28FD            328     DB 40, 253
027C 2000            329     DB 32, 0
027E 2100            330     DB 33, 0
0280 28FE            331     DB 40, 254
0282 28FF            332     DB 40, 255
0284 2A01            333     DB 42, 1
0286 2800            334     DB 40, 0
0288 2201            335     DB 34, 1
028A 2395            336     DB 35, 149
028C 2489            337     DB 36, 137
028E 2507            338     DB 37, 7
0290 26A4            339     DB 38, 164
0292 2707            340     DB 39, 7
0294 2801            341     DB 40, 1
0296 21C7            342     DB 33, 199
0298 2200            343     DB 34, 0
029A 2380            344     DB 35, 128
029C 26C4            345     DB 38, 196
029E 270C            346     DB 39, 12
02A0 2802            347     DB 40, 2
02A2 2009            348     DB 32, 9
02A4 211C            349     DB 33, 28
02A6 2204            350     DB 34, 4
02A8 26AA            351     DB 38, 170
02AA 270A            352     DB 39, 10
02AC 2803            353     DB 40, 3
02AE 2000            354     DB 32, 0
02B0 2100            355     DB 33, 0
02B2 2200            356     DB 34, 0
02B4 23A6            357     DB 35, 166
02B6 26A0            358     DB 38, 160
02B8 2707            359     DB 39, 7
02BA 2804            360     DB 40, 4
02BC 2805            361     DB 40, 5
02BE 2005            362     DB 32, 5
02C0 2384            363     DB 35, 132
02C2 26B4            364     DB 38, 180
02C4 2709            365     DB 39, 9
02C6 2806            366     DB 40, 6
02C8 2000            367     DB 32, 0
02CA 2203            368     DB 34, 3
02CC 2300            369     DB 35, 0
02CE 2481            370     DB 36, 129
02D0 25C0            371     DB 37, 192
02D2 26AB            372     DB 38, 171
02D4 270A            373     DB 39, 10
02D6 2807            374     DB 40, 7
02D8 21AE            375     DB 33, 174
02DA 2200            376     DB 34, 0
02DC 2395            377     DB 35, 149
02DE 2489            378     DB 36, 137
02E0 2507            379     DB 37, 7
02E2 26A4            380     DB 38, 164
02E4 2700            381     DB 39, 0
02E6 2808            382     DB 40, 8
02E8 2148            383     DB 33, 72
02EA 2201            384     DB 34, 1
02EC 2380            385     DB 35, 128
02EE 26C4            386     DB 38, 196
02F0 270C            387     DB 39, 12
A51 MACRO ASSEMBLER  CONFIG                                                               12/15/2015 17:47:21 PAGE     7

02F2 2809            388     DB 40, 9
02F4 2009            389     DB 32, 9
02F6 2104            390     DB 33, 4
02F8 2204            391     DB 34, 4
02FA 26AA            392     DB 38, 170
02FC 270A            393     DB 39, 10
02FE 280A            394     DB 40, 10
0300 2000            395     DB 32, 0
0302 2100            396     DB 33, 0
0304 2200            397     DB 34, 0
0306 23A8            398     DB 35, 168
0308 26A4            399     DB 38, 164
030A 2707            400     DB 39, 7
030C 280B            401     DB 40, 11
030E 280C            402     DB 40, 12
0310 2140            403     DB 33, 64
0312 2220            404     DB 34, 32
0314 2380            405     DB 35, 128
0316 26C4            406     DB 38, 196
0318 270C            407     DB 39, 12
031A 280D            408     DB 40, 13
031C 2224            409     DB 34, 36
031E 26C6            410     DB 38, 198
0320 280E            411     DB 40, 14
0322 219E            412     DB 33, 158
0324 2200            413     DB 34, 0
0326 26C8            414     DB 38, 200
0328 280F            415     DB 40, 15
032A 2009            416     DB 32, 9
032C 2102            417     DB 33, 2
032E 2214            418     DB 34, 20
0330 26AA            419     DB 38, 170
0332 270A            420     DB 39, 10
0334 2810            421     DB 40, 16
0336 2005            422     DB 32, 5
0338 2100            423     DB 33, 0
033A 2200            424     DB 34, 0
033C 2384            425     DB 35, 132
033E 26B4            426     DB 38, 180
0340 2709            427     DB 39, 9
0342 2811            428     DB 40, 17
0344 2000            429     DB 32, 0
0346 2101            430     DB 33, 1
0348 2300            431     DB 35, 0
034A 2401            432     DB 36, 1
034C 25C0            433     DB 37, 192
034E 26AB            434     DB 38, 171
0350 270A            435     DB 39, 10
0352 2812            436     DB 40, 18
0354 21C3            437     DB 33, 195
0356 2395            438     DB 35, 149
0358 2489            439     DB 36, 137
035A 2507            440     DB 37, 7
035C 2620            441     DB 38, 32
035E 2700            442     DB 39, 0
0360 2813            443     DB 40, 19
0362 2003            444     DB 32, 3
0364 21C2            445     DB 33, 194
0366 2383            446     DB 35, 131
0368 2626            447     DB 38, 38
036A 270D            448     DB 39, 13
036C 2814            449     DB 40, 20
036E 21B3            450     DB 33, 179
0370 2208            451     DB 34, 8
0372 2815            452     DB 40, 21
0374 2000            453     DB 32, 0
A51 MACRO ASSEMBLER  CONFIG                                                               12/15/2015 17:47:21 PAGE     8

0376 21C6            454     DB 33, 198
0378 2200            455     DB 34, 0
037A 2395            456     DB 35, 149
037C 2600            457     DB 38, 0
037E 2708            458     DB 39, 8
0380 2816            459     DB 40, 22
0382 2100            460     DB 33, 0
0384 2300            461     DB 35, 0
0386 2496            462     DB 36, 150
0388 2503            463     DB 37, 3
038A 26AA            464     DB 38, 170
038C 270A            465     DB 39, 10
038E 2817            466     DB 40, 23
0390 2042            467     DB 32, 66
0392 21B6            468     DB 33, 182
0394 2380            469     DB 35, 128
0396 2489            470     DB 36, 137
0398 2507            471     DB 37, 7
039A 2818            472     DB 40, 24
039C 2000            473     DB 32, 0
039E 2100            474     DB 33, 0
03A0 2394            475     DB 35, 148
03A2 260E            476     DB 38, 14
03A4 2819            477     DB 40, 25
03A6 200F            478     DB 32, 15
03A8 2384            479     DB 35, 132
03AA 26B4            480     DB 38, 180
03AC 2709            481     DB 39, 9
03AE 281A            482     DB 40, 26
03B0 2000            483     DB 32, 0
03B2 2393            484     DB 35, 147
03B4 26A8            485     DB 38, 168
03B6 2703            486     DB 39, 3
03B8 281B            487     DB 40, 27
03BA 2628            488     DB 38, 40
03BC 2700            489     DB 39, 0
03BE 281C            490     DB 40, 28
03C0 2101            491     DB 33, 1
03C2 2300            492     DB 35, 0
03C4 2401            493     DB 36, 1
03C6 25C0            494     DB 37, 192
03C8 26AB            495     DB 38, 171
03CA 270A            496     DB 39, 10
03CC 281D            497     DB 40, 29
03CE 21C5            498     DB 33, 197
03D0 2395            499     DB 35, 149
03D2 2489            500     DB 36, 137
03D4 2507            501     DB 37, 7
03D6 2620            502     DB 38, 32
03D8 2700            503     DB 39, 0
03DA 281E            504     DB 40, 30
03DC 2100            505     DB 33, 0
03DE 2394            506     DB 35, 148
03E0 2600            507     DB 38, 0
03E2 270A            508     DB 39, 10
03E4 281F            509     DB 40, 31
03E6 260E            510     DB 38, 14
03E8 2820            511     DB 40, 32
03EA 2003            512     DB 32, 3
03EC 2179            513     DB 33, 121
03EE 2201            514     DB 34, 1
03F0 2383            515     DB 35, 131
03F2 2626            516     DB 38, 38
03F4 270D            517     DB 39, 13
03F6 2821            518     DB 40, 33
03F8 2132            519     DB 33, 50
A51 MACRO ASSEMBLER  CONFIG                                                               12/15/2015 17:47:21 PAGE     9

03FA 2822            520     DB 40, 34
03FC 2000            521     DB 32, 0
03FE 2104            522     DB 33, 4
0400 2200            523     DB 34, 0
0402 2380            524     DB 35, 128
0404 2400            525     DB 36, 0
0406 25FC            526     DB 37, 252
0408 26AA            527     DB 38, 170
040A 270A            528     DB 39, 10
040C 2823            529     DB 40, 35
040E 2100            530     DB 33, 0
0410 2300            531     DB 35, 0
0412 2500            532     DB 37, 0
0414 2824            533     DB 40, 36
0416 21A3            534     DB 33, 163
0418 220D            535     DB 34, 13
041A 2380            536     DB 35, 128
041C 249E            537     DB 36, 158
041E 253B            538     DB 37, 59
0420 2825            539     DB 40, 37
0422 2042            540     DB 32, 66
0424 2157            541     DB 33, 87
0426 2201            542     DB 34, 1
0428 2489            543     DB 36, 137
042A 2507            544     DB 37, 7
042C 2826            545     DB 40, 38
042E 2000            546     DB 32, 0
0430 2143            547     DB 33, 67
0432 220D            548     DB 34, 13
0434 2400            549     DB 36, 0
0436 2538            550     DB 37, 56
0438 2827            551     DB 40, 39
043A 2108            552     DB 33, 8
043C 2298            553     DB 34, 152
043E 2395            554     DB 35, 149
0440 2489            555     DB 36, 137
0442 2507            556     DB 37, 7
0444 2624            557     DB 38, 36
0446 2700            558     DB 39, 0
0448 2828            559     DB 40, 40
044A 2042            560     DB 32, 66
044C 2193            561     DB 33, 147
044E 2201            562     DB 34, 1
0450 2380            563     DB 35, 128
0452 26AA            564     DB 38, 170
0454 270A            565     DB 39, 10
0456 2829            566     DB 40, 41
0458 2003            567     DB 32, 3
045A 217E            568     DB 33, 126
045C 2204            569     DB 34, 4
045E 2383            570     DB 35, 131
0460 2626            571     DB 38, 38
0462 270D            572     DB 39, 13
0464 282A            573     DB 40, 42
0466 2000            574     DB 32, 0
0468 21B0            575     DB 33, 176
046A 2200            576     DB 34, 0
046C 2395            577     DB 35, 149
046E 26A0            578     DB 38, 160
0470 2707            579     DB 39, 7
0472 282B            580     DB 40, 43
0474 2100            581     DB 33, 0
0476 2300            582     DB 35, 0
0478 240C            583     DB 36, 12
047A 2504            584     DB 37, 4
047C 26AA            585     DB 38, 170
A51 MACRO ASSEMBLER  CONFIG                                                               12/15/2015 17:47:21 PAGE    10

047E 270A            586     DB 39, 10
0480 282C            587     DB 40, 44
0482 2102            588     DB 33, 2
0484 2380            589     DB 35, 128
0486 2486            590     DB 36, 134
0488 25C3            591     DB 37, 195
048A 26AB            592     DB 38, 171
048C 282D            593     DB 40, 45
048E 2042            594     DB 32, 66
0490 2197            595     DB 33, 151
0492 2201            596     DB 34, 1
0494 2489            597     DB 36, 137
0496 2507            598     DB 37, 7
0498 26AA            599     DB 38, 170
049A 282E            600     DB 40, 46
049C 2000            601     DB 32, 0
049E 2100            602     DB 33, 0
04A0 2200            603     DB 34, 0
04A2 241F            604     DB 36, 31
04A4 2504            605     DB 37, 4
04A6 282F            606     DB 40, 47
04A8 21B2            607     DB 33, 178
04AA 2395            608     DB 35, 149
04AC 2489            609     DB 36, 137
04AE 2507            610     DB 37, 7
04B0 2620            611     DB 38, 32
04B2 2704            612     DB 39, 4
04B4 2830            613     DB 40, 48
04B6 2042            614     DB 32, 66
04B8 218B            615     DB 33, 139
04BA 2204            616     DB 34, 4
04BC 2380            617     DB 35, 128
04BE 26AA            618     DB 38, 170
04C0 270A            619     DB 39, 10
04C2 2831            620     DB 40, 49
04C4 2000            621     DB 32, 0
04C6 21B1            622     DB 33, 177
04C8 2200            623     DB 34, 0
04CA 2395            624     DB 35, 149
04CC 26A0            625     DB 38, 160
04CE 2707            626     DB 39, 7
04D0 2832            627     DB 40, 50
04D2 2003            628     DB 32, 3
04D4 2175            629     DB 33, 117
04D6 2204            630     DB 34, 4
04D8 2383            631     DB 35, 131
04DA 2626            632     DB 38, 38
04DC 270D            633     DB 39, 13
04DE 2833            634     DB 40, 51
04E0 2005            635     DB 32, 5
04E2 2100            636     DB 33, 0
04E4 2200            637     DB 34, 0
04E6 2384            638     DB 35, 132
04E8 26B4            639     DB 38, 180
04EA 2709            640     DB 39, 9
04EC 2834            641     DB 40, 52
04EE 2000            642     DB 32, 0
04F0 2160            643     DB 33, 96
04F2 2300            644     DB 35, 0
04F4 2401            645     DB 36, 1
04F6 25C0            646     DB 37, 192
04F8 26AB            647     DB 38, 171
04FA 270A            648     DB 39, 10
04FC 2835            649     DB 40, 53
04FE 2108            650     DB 33, 8
0500 2298            651     DB 34, 152
A51 MACRO ASSEMBLER  CONFIG                                                               12/15/2015 17:47:21 PAGE    11

0502 2395            652     DB 35, 149
0504 2489            653     DB 36, 137
0506 2507            654     DB 37, 7
0508 2624            655     DB 38, 36
050A 2700            656     DB 39, 0
050C 2836            657     DB 40, 54
050E 21BC            658     DB 33, 188
0510 2200            659     DB 34, 0
0512 2837            660     DB 40, 55
0514 21A3            661     DB 33, 163
0516 220D            662     DB 34, 13
0518 2300            663     DB 35, 0
051A 2401            664     DB 36, 1
051C 25C0            665     DB 37, 192
051E 26AB            666     DB 38, 171
0520 270A            667     DB 39, 10
0522 2838            668     DB 40, 56
0524 2160            669     DB 33, 96
0526 2200            670     DB 34, 0
0528 2380            671     DB 35, 128
052A 2400            672     DB 36, 0
052C 2538            673     DB 37, 56
052E 26AA            674     DB 38, 170
0530 2839            675     DB 40, 57
0532 2106            676     DB 33, 6
0534 2298            677     DB 34, 152
0536 2395            678     DB 35, 149
0538 2489            679     DB 36, 137
053A 2507            680     DB 37, 7
053C 2624            681     DB 38, 36
053E 2700            682     DB 39, 0
0540 283A            683     DB 40, 58
0542 21BE            684     DB 33, 190
0544 2200            685     DB 34, 0
0546 283B            686     DB 40, 59
0548 2005            687     DB 32, 5
054A 2100            688     DB 33, 0
054C 2384            689     DB 35, 132
054E 26B4            690     DB 38, 180
0550 2709            691     DB 39, 9
0552 283C            692     DB 40, 60
0554 2000            693     DB 32, 0
0556 2160            694     DB 33, 96
0558 2300            695     DB 35, 0
055A 2401            696     DB 36, 1
055C 25C0            697     DB 37, 192
055E 26AB            698     DB 38, 171
0560 270A            699     DB 39, 10
0562 283D            700     DB 40, 61
0564 2142            701     DB 33, 66
0566 2201            702     DB 34, 1
0568 2395            703     DB 35, 149
056A 2489            704     DB 36, 137
056C 2507            705     DB 37, 7
056E 2624            706     DB 38, 36
0570 2700            707     DB 39, 0
0572 283E            708     DB 40, 62
0574 210C            709     DB 33, 12
0576 2298            710     DB 34, 152
0578 26A4            711     DB 38, 164
057A 2707            712     DB 39, 7
057C 283F            713     DB 40, 63
057E 2108            714     DB 33, 8
0580 2840            715     DB 40, 64
0582 2160            716     DB 33, 96
0584 2200            717     DB 34, 0
A51 MACRO ASSEMBLER  CONFIG                                                               12/15/2015 17:47:21 PAGE    12

0586 2300            718     DB 35, 0
0588 2401            719     DB 36, 1
058A 25C0            720     DB 37, 192
058C 26AB            721     DB 38, 171
058E 270A            722     DB 39, 10
0590 2841            723     DB 40, 65
0592 210C            724     DB 33, 12
0594 2298            725     DB 34, 152
0596 2395            726     DB 35, 149
0598 2489            727     DB 36, 137
059A 2507            728     DB 37, 7
059C 2624            729     DB 38, 36
059E 2700            730     DB 39, 0
05A0 2842            731     DB 40, 66
05A2 2005            732     DB 32, 5
05A4 2100            733     DB 33, 0
05A6 2200            734     DB 34, 0
05A8 2384            735     DB 35, 132
05AA 26B4            736     DB 38, 180
05AC 2709            737     DB 39, 9
05AE 2843            738     DB 40, 67
05B0 2000            739     DB 32, 0
05B2 2380            740     DB 35, 128
05B4 2400            741     DB 36, 0
05B6 2510            742     DB 37, 16
05B8 26AB            743     DB 38, 171
05BA 270A            744     DB 39, 10
05BC 2844            745     DB 40, 68
05BE 2122            746     DB 33, 34
05C0 2201            747     DB 34, 1
05C2 2395            748     DB 35, 149
05C4 2489            749     DB 36, 137
05C6 2507            750     DB 37, 7
05C8 2624            751     DB 38, 36
05CA 2700            752     DB 39, 0
05CC 2845            753     DB 40, 69
05CE 2100            754     DB 33, 0
05D0 2200            755     DB 34, 0
05D2 2300            756     DB 35, 0
05D4 2404            757     DB 36, 4
05D6 2512            758     DB 37, 18
05D8 26AA            759     DB 38, 170
05DA 270A            760     DB 39, 10
05DC 2846            761     DB 40, 70
05DE 2003            762     DB 32, 3
05E0 21D4            763     DB 33, 212
05E2 2205            764     DB 34, 5
05E4 2383            765     DB 35, 131
05E6 2489            766     DB 36, 137
05E8 2507            767     DB 37, 7
05EA 2626            768     DB 38, 38
05EC 270D            769     DB 39, 13
05EE 2847            770     DB 40, 71
05F0 2000            771     DB 32, 0
05F2 2160            772     DB 33, 96
05F4 2200            773     DB 34, 0
05F6 2300            774     DB 35, 0
05F8 2401            775     DB 36, 1
05FA 25C0            776     DB 37, 192
05FC 26AB            777     DB 38, 171
05FE 270A            778     DB 39, 10
0600 2848            779     DB 40, 72
0602 21B3            780     DB 33, 179
0604 2395            781     DB 35, 149
0606 2489            782     DB 36, 137
0608 2507            783     DB 37, 7
A51 MACRO ASSEMBLER  CONFIG                                                               12/15/2015 17:47:21 PAGE    13

060A 2600            784     DB 38, 0
060C 2708            785     DB 39, 8
060E 2849            786     DB 40, 73
0610 2100            787     DB 33, 0
0612 2300            788     DB 35, 0
0614 2409            789     DB 36, 9
0616 2500            790     DB 37, 0
0618 26AA            791     DB 38, 170
061A 270A            792     DB 39, 10
061C 284A            793     DB 40, 74
061E 2102            794     DB 33, 2
0620 2380            795     DB 35, 128
0622 2486            796     DB 36, 134
0624 253B            797     DB 37, 59
0626 284B            798     DB 40, 75
0628 2042            799     DB 32, 66
062A 21DD            800     DB 33, 221
062C 2205            801     DB 34, 5
062E 2489            802     DB 36, 137
0630 2507            803     DB 37, 7
0632 284C            804     DB 40, 76
0634 2000            805     DB 32, 0
0636 2100            806     DB 33, 0
0638 2200            807     DB 34, 0
063A 241F            808     DB 36, 31
063C 2500            809     DB 37, 0
063E 284D            810     DB 40, 77
0640 21B3            811     DB 33, 179
0642 2395            812     DB 35, 149
0644 2489            813     DB 36, 137
0646 2507            814     DB 37, 7
0648 2620            815     DB 38, 32
064A 2700            816     DB 39, 0
064C 284E            817     DB 40, 78
064E 2100            818     DB 33, 0
0650 2300            819     DB 35, 0
0652 2497            820     DB 36, 151
0654 2503            821     DB 37, 3
0656 26AA            822     DB 38, 170
0658 270A            823     DB 39, 10
065A 284F            824     DB 40, 79
065C 2042            825     DB 32, 66
065E 21E2            826     DB 33, 226
0660 2205            827     DB 34, 5
0662 2380            828     DB 35, 128
0664 2489            829     DB 36, 137
0666 2507            830     DB 37, 7
0668 2850            831     DB 40, 80
066A 2000            832     DB 32, 0
066C 2110            833     DB 33, 16
066E 2200            834     DB 34, 0
0670 2300            835     DB 35, 0
0672 2480            836     DB 36, 128
0674 25CC            837     DB 37, 204
0676 26AB            838     DB 38, 171
0678 2851            839     DB 40, 81
067A 2100            840     DB 33, 0
067C 2240            841     DB 34, 64
067E 23B4            842     DB 35, 180
0680 2489            843     DB 36, 137
0682 2507            844     DB 37, 7
0684 26AA            845     DB 38, 170
0686 2704            846     DB 39, 4
0688 2852            847     DB 40, 82
068A 2200            848     DB 34, 0
068C 23B0            849     DB 35, 176
A51 MACRO ASSEMBLER  CONFIG                                                               12/15/2015 17:47:21 PAGE    14

068E 2692            850     DB 38, 146
0690 2709            851     DB 39, 9
0692 2853            852     DB 40, 83
0694 2114            853     DB 33, 20
0696 2201            854     DB 34, 1
0698 2395            855     DB 35, 149
069A 2600            856     DB 38, 0
069C 2708            857     DB 39, 8
069E 2854            858     DB 40, 84
06A0 2148            859     DB 33, 72
06A2 23A4            860     DB 35, 164
06A4 262A            861     DB 38, 42
06A6 2700            862     DB 39, 0
06A8 2855            863     DB 40, 85
06AA 2100            864     DB 33, 0
06AC 2200            865     DB 34, 0
06AE 2300            866     DB 35, 0
06B0 2409            867     DB 36, 9
06B2 2500            868     DB 37, 0
06B4 26AA            869     DB 38, 170
06B6 270A            870     DB 39, 10
06B8 2856            871     DB 40, 86
06BA 2108            872     DB 33, 8
06BC 2380            873     DB 35, 128
06BE 2486            874     DB 36, 134
06C0 253B            875     DB 37, 59
06C2 2857            876     DB 40, 87
06C4 2042            877     DB 32, 66
06C6 2111            878     DB 33, 17
06C8 2207            879     DB 34, 7
06CA 2489            880     DB 36, 137
06CC 2507            881     DB 37, 7
06CE 2858            882     DB 40, 88
06D0 2000            883     DB 32, 0
06D2 2100            884     DB 33, 0
06D4 2200            885     DB 34, 0
06D6 241F            886     DB 36, 31
06D8 2500            887     DB 37, 0
06DA 2859            888     DB 40, 89
06DC 2114            889     DB 33, 20
06DE 2201            890     DB 34, 1
06E0 2395            891     DB 35, 149
06E2 2489            892     DB 36, 137
06E4 2507            893     DB 37, 7
06E6 2620            894     DB 38, 32
06E8 2700            895     DB 39, 0
06EA 285A            896     DB 40, 90
06EC 2116            897     DB 33, 22
06EE 2602            898     DB 38, 2
06F0 2709            899     DB 39, 9
06F2 285B            900     DB 40, 91
06F4 2100            901     DB 33, 0
06F6 2200            902     DB 34, 0
06F8 2300            903     DB 35, 0
06FA 2480            904     DB 36, 128
06FC 2548            905     DB 37, 72
06FE 26AA            906     DB 38, 170
0700 270A            907     DB 39, 10
0702 285C            908     DB 40, 92
0704 23A0            909     DB 35, 160
0706 2489            910     DB 36, 137
0708 2507            911     DB 37, 7
070A 2614            912     DB 38, 20
070C 2709            913     DB 39, 9
070E 285D            914     DB 40, 93
0710 2480            915     DB 36, 128
A51 MACRO ASSEMBLER  CONFIG                                                               12/15/2015 17:47:21 PAGE    15

0712 2550            916     DB 37, 80
0714 26A4            917     DB 38, 164
0716 2704            918     DB 39, 4
0718 285E            919     DB 40, 94
071A 2116            920     DB 33, 22
071C 2201            921     DB 34, 1
071E 2395            922     DB 35, 149
0720 2489            923     DB 36, 137
0722 2507            924     DB 37, 7
0724 2700            925     DB 39, 0
0726 285F            926     DB 40, 95
0728 2104            927     DB 33, 4
072A 2200            928     DB 34, 0
072C 2300            929     DB 35, 0
072E 249C            930     DB 36, 156
0730 2578            931     DB 37, 120
0732 26AA            932     DB 38, 170
0734 270A            933     DB 39, 10
0736 2860            934     DB 40, 96
0738 2143            935     DB 33, 67
073A 220D            936     DB 34, 13
073C 2401            937     DB 36, 1
073E 25C4            938     DB 37, 196
0740 26AB            939     DB 38, 171
0742 2861            940     DB 40, 97
0744 2103            941     DB 33, 3
0746 2200            942     DB 34, 0
0748 2415            943     DB 36, 21
074A 2862            944     DB 40, 98
074C 2100            945     DB 33, 0
074E 2400            946     DB 36, 0
0750 2500            947     DB 37, 0
0752 26AA            948     DB 38, 170
0754 2863            949     DB 40, 99
0756 215E            950     DB 33, 94
0758 2395            951     DB 35, 149
075A 2489            952     DB 36, 137
075C 2507            953     DB 37, 7
075E 2610            954     DB 38, 16
0760 2709            955     DB 39, 9
0762 2864            956     DB 40, 100
0764 2103            957     DB 33, 3
0766 2300            958     DB 35, 0
0768 2415            959     DB 36, 21
076A 25C4            960     DB 37, 196
076C 26AB            961     DB 38, 171
076E 270A            962     DB 39, 10
0770 2865            963     DB 40, 101
0772 2100            964     DB 33, 0
0774 2380            965     DB 35, 128
0776 2400            966     DB 36, 0
0778 2506            967     DB 37, 6
077A 26AA            968     DB 38, 170
077C 2866            969     DB 40, 102
077E 248F            970     DB 36, 143
0780 25E3            971     DB 37, 227
0782 26AB            972     DB 38, 171
0784 2867            973     DB 40, 103
0786 2042            974     DB 32, 66
0788 21CD            975     DB 33, 205
078A 2207            976     DB 34, 7
078C 2489            977     DB 36, 137
078E 2507            978     DB 37, 7
0790 26AA            979     DB 38, 170
0792 2868            980     DB 40, 104
0794 2000            981     DB 32, 0
A51 MACRO ASSEMBLER  CONFIG                                                               12/15/2015 17:47:21 PAGE    16

0796 2160            982     DB 33, 96
0798 2200            983     DB 34, 0
079A 2300            984     DB 35, 0
079C 2401            985     DB 36, 1
079E 25C0            986     DB 37, 192
07A0 26AB            987     DB 38, 171
07A2 2869            988     DB 40, 105
07A4 2100            989     DB 33, 0
07A6 2380            990     DB 35, 128
07A8 248F            991     DB 36, 143
07AA 2503            992     DB 37, 3
07AC 26AA            993     DB 38, 170
07AE 286A            994     DB 40, 106
07B0 2042            995     DB 32, 66
07B2 21DD            996     DB 33, 221
07B4 2207            997     DB 34, 7
07B6 2489            998     DB 36, 137
07B8 2507            999     DB 37, 7
07BA 286B           1000     DB 40, 107
07BC 2000           1001     DB 32, 0
07BE 2143           1002     DB 33, 67
07C0 220D           1003     DB 34, 13
07C2 2300           1004     DB 35, 0
07C4 2401           1005     DB 36, 1
07C6 25C0           1006     DB 37, 192
07C8 26AB           1007     DB 38, 171
07CA 286C           1008     DB 40, 108
07CC 2100           1009     DB 33, 0
07CE 2200           1010     DB 34, 0
07D0 2400           1011     DB 36, 0
07D2 2504           1012     DB 37, 4
07D4 26AA           1013     DB 38, 170
07D6 286D           1014     DB 40, 109
07D8 2003           1015     DB 32, 3
07DA 217F           1016     DB 33, 127
07DC 2201           1017     DB 34, 1
07DE 2383           1018     DB 35, 131
07E0 2489           1019     DB 36, 137
07E2 2507           1020     DB 37, 7
07E4 2626           1021     DB 38, 38
07E6 270D           1022     DB 39, 13
07E8 286E           1023     DB 40, 110
07EA 2162           1024     DB 33, 98
07EC 286F           1025     DB 40, 111
07EE 2005           1026     DB 32, 5
07F0 2100           1027     DB 33, 0
07F2 2200           1028     DB 34, 0
07F4 2384           1029     DB 35, 132
07F6 26B4           1030     DB 38, 180
07F8 2709           1031     DB 39, 9
07FA 2870           1032     DB 40, 112
07FC 2000           1033     DB 32, 0
07FE 2106           1034     DB 33, 6
0800 2395           1035     DB 35, 149
0802 2600           1036     DB 38, 0
0804 2708           1037     DB 39, 8
0806 2871           1038     DB 40, 113
0808 2101           1039     DB 33, 1
080A 2300           1040     DB 35, 0
080C 2497           1041     DB 36, 151
080E 253B           1042     DB 37, 59
0810 26AA           1043     DB 38, 170
0812 270A           1044     DB 39, 10
0814 2872           1045     DB 40, 114
0816 2042           1046     DB 32, 66
0818 210E           1047     DB 33, 14
A51 MACRO ASSEMBLER  CONFIG                                                               12/15/2015 17:47:21 PAGE    17

081A 2208           1048     DB 34, 8
081C 2380           1049     DB 35, 128
081E 2489           1050     DB 36, 137
0820 2507           1051     DB 37, 7
0822 2873           1052     DB 40, 115
0824 2003           1053     DB 32, 3
0826 213C           1054     DB 33, 60
0828 220B           1055     DB 34, 11
082A 2383           1056     DB 35, 131
082C 2626           1057     DB 38, 38
082E 270D           1058     DB 39, 13
0830 2874           1059     DB 40, 116
0832 2000           1060     DB 32, 0
0834 2103           1061     DB 33, 3
0836 2200           1062     DB 34, 0
0838 2395           1063     DB 35, 149
083A 2602           1064     DB 38, 2
083C 2708           1065     DB 39, 8
083E 2875           1066     DB 40, 117
0840 2127           1067     DB 33, 39
0842 2300           1068     DB 35, 0
0844 2481           1069     DB 36, 129
0846 25C4           1070     DB 37, 196
0848 26AB           1071     DB 38, 171
084A 270A           1072     DB 39, 10
084C 2876           1073     DB 40, 118
084E 2100           1074     DB 33, 0
0850 2380           1075     DB 35, 128
0852 2409           1076     DB 36, 9
0854 2548           1077     DB 37, 72
0856 26AA           1078     DB 38, 170
0858 2877           1079     DB 40, 119
085A 2158           1080     DB 33, 88
085C 2234           1081     DB 34, 52
085E 23A3           1082     DB 35, 163
0860 2489           1083     DB 36, 137
0862 2507           1084     DB 37, 7
0864 262A           1085     DB 38, 42
0866 2700           1086     DB 39, 0
0868 2878           1087     DB 40, 120
086A 2100           1088     DB 33, 0
086C 2200           1089     DB 34, 0
086E 23A0           1090     DB 35, 160
0870 2600           1091     DB 38, 0
0872 2709           1092     DB 39, 9
0874 2879           1093     DB 40, 121
0876 2107           1094     DB 33, 7
0878 2380           1095     DB 35, 128
087A 2403           1096     DB 36, 3
087C 2539           1097     DB 37, 57
087E 26AA           1098     DB 38, 170
0880 270A           1099     DB 39, 10
0882 287A           1100     DB 40, 122
0884 2104           1101     DB 33, 4
0886 2300           1102     DB 35, 0
0888 241C           1103     DB 36, 28
088A 2538           1104     DB 37, 56
088C 287B           1105     DB 40, 123
088E 2107           1106     DB 33, 7
0890 2380           1107     DB 35, 128
0892 2483           1108     DB 36, 131
0894 2539           1109     DB 37, 57
0896 287C           1110     DB 40, 124
0898 2103           1111     DB 33, 3
089A 2395           1112     DB 35, 149
089C 2489           1113     DB 36, 137
A51 MACRO ASSEMBLER  CONFIG                                                               12/15/2015 17:47:21 PAGE    18

089E 2507           1114     DB 37, 7
08A0 2602           1115     DB 38, 2
08A2 2708           1116     DB 39, 8
08A4 287D           1117     DB 40, 125
08A6 2127           1118     DB 33, 39
08A8 2300           1119     DB 35, 0
08AA 2481           1120     DB 36, 129
08AC 25C4           1121     DB 37, 196
08AE 26AB           1122     DB 38, 171
08B0 270A           1123     DB 39, 10
08B2 287E           1124     DB 40, 126
08B4 2100           1125     DB 33, 0
08B6 2380           1126     DB 35, 128
08B8 2409           1127     DB 36, 9
08BA 2548           1128     DB 37, 72
08BC 26AA           1129     DB 38, 170
08BE 287F           1130     DB 40, 127
08C0 2158           1131     DB 33, 88
08C2 2234           1132     DB 34, 52
08C4 23A3           1133     DB 35, 163
08C6 2489           1134     DB 36, 137
08C8 2507           1135     DB 37, 7
08CA 262A           1136     DB 38, 42
08CC 2700           1137     DB 39, 0
08CE 2880           1138     DB 40, 128
08D0 2106           1139     DB 33, 6
08D2 2200           1140     DB 34, 0
08D4 2300           1141     DB 35, 0
08D6 2481           1142     DB 36, 129
08D8 25C0           1143     DB 37, 192
08DA 2693           1144     DB 38, 147
08DC 2701           1145     DB 39, 1
08DE 2881           1146     DB 40, 129
08E0 2100           1147     DB 33, 0
08E2 2380           1148     DB 35, 128
08E4 2489           1149     DB 36, 137
08E6 2548           1150     DB 37, 72
08E8 26AA           1151     DB 38, 170
08EA 270A           1152     DB 39, 10
08EC 2882           1153     DB 40, 130
08EE 2002           1154     DB 32, 2
08F0 2166           1155     DB 33, 102
08F2 2208           1156     DB 34, 8
08F4 2300           1157     DB 35, 0
08F6 2400           1158     DB 36, 0
08F8 2566           1159     DB 37, 102
08FA 2883           1160     DB 40, 131
08FC 2000           1161     DB 32, 0
08FE 2100           1162     DB 33, 0
0900 2200           1163     DB 34, 0
0902 2380           1164     DB 35, 128
0904 241F           1165     DB 36, 31
0906 2502           1166     DB 37, 2
0908 2884           1167     DB 40, 132
090A 2106           1168     DB 33, 6
090C 2489           1169     DB 36, 137
090E 2507           1170     DB 37, 7
0910 26DC           1171     DB 38, 220
0912 270C           1172     DB 39, 12
0914 2885           1173     DB 40, 133
0916 2100           1174     DB 33, 0
0918 23AA           1175     DB 35, 170
091A 26AA           1176     DB 38, 170
091C 270A           1177     DB 39, 10
091E 2886           1178     DB 40, 134
0920 23B6           1179     DB 35, 182
A51 MACRO ASSEMBLER  CONFIG                                                               12/15/2015 17:47:21 PAGE    19

0922 2600           1180     DB 38, 0
0924 2708           1181     DB 39, 8
0926 2887           1182     DB 40, 135
0928 2380           1183     DB 35, 128
092A 2486           1184     DB 36, 134
092C 253B           1185     DB 37, 59
092E 26AA           1186     DB 38, 170
0930 270A           1187     DB 39, 10
0932 2888           1188     DB 40, 136
0934 2105           1189     DB 33, 5
0936 2489           1190     DB 36, 137
0938 2507           1191     DB 37, 7
093A 26DC           1192     DB 38, 220
093C 270C           1193     DB 39, 12
093E 2889           1194     DB 40, 137
0940 2100           1195     DB 33, 0
0942 23AA           1196     DB 35, 170
0944 26AA           1197     DB 38, 170
0946 270A           1198     DB 39, 10
0948 288A           1199     DB 40, 138
094A 23B6           1200     DB 35, 182
094C 2600           1201     DB 38, 0
094E 2708           1202     DB 39, 8
0950 288B           1203     DB 40, 139
0952 2380           1204     DB 35, 128
0954 2486           1205     DB 36, 134
0956 253B           1206     DB 37, 59
0958 26AA           1207     DB 38, 170
095A 270A           1208     DB 39, 10
095C 288C           1209     DB 40, 140
095E 2042           1210     DB 32, 66
0960 217B           1211     DB 33, 123
0962 2208           1212     DB 34, 8
0964 2489           1213     DB 36, 137
0966 2507           1214     DB 37, 7
0968 288D           1215     DB 40, 141
096A 2000           1216     DB 32, 0
096C 2100           1217     DB 33, 0
096E 2200           1218     DB 34, 0
0970 2300           1219     DB 35, 0
0972 2401           1220     DB 36, 1
0974 2582           1221     DB 37, 130
0976 288E           1222     DB 40, 142
0978 2105           1223     DB 33, 5
097A 2481           1224     DB 36, 129
097C 25C2           1225     DB 37, 194
097E 26AB           1226     DB 38, 171
0980 288F           1227     DB 40, 143
0982 2003           1228     DB 32, 3
0984 2193           1229     DB 33, 147
0986 2208           1230     DB 34, 8
0988 2383           1231     DB 35, 131
098A 2489           1232     DB 36, 137
098C 2507           1233     DB 37, 7
098E 2626           1234     DB 38, 38
0990 270D           1235     DB 39, 13
0992 2890           1236     DB 40, 144
0994 2000           1237     DB 32, 0
0996 2105           1238     DB 33, 5
0998 2200           1239     DB 34, 0
099A 2300           1240     DB 35, 0
099C 2481           1241     DB 36, 129
099E 25C0           1242     DB 37, 192
09A0 2613           1243     DB 38, 19
09A2 2701           1244     DB 39, 1
09A4 2891           1245     DB 40, 145
A51 MACRO ASSEMBLER  CONFIG                                                               12/15/2015 17:47:21 PAGE    20

09A6 2100           1246     DB 33, 0
09A8 2380           1247     DB 35, 128
09AA 2489           1248     DB 36, 137
09AC 2548           1249     DB 37, 72
09AE 26AA           1250     DB 38, 170
09B0 270A           1251     DB 39, 10
09B2 2892           1252     DB 40, 146
09B4 2002           1253     DB 32, 2
09B6 217E           1254     DB 33, 126
09B8 2208           1255     DB 34, 8
09BA 2300           1256     DB 35, 0
09BC 2400           1257     DB 36, 0
09BE 2566           1258     DB 37, 102
09C0 2893           1259     DB 40, 147
09C2 2000           1260     DB 32, 0
09C4 2100           1261     DB 33, 0
09C6 2200           1262     DB 34, 0
09C8 2380           1263     DB 35, 128
09CA 241F           1264     DB 36, 31
09CC 2502           1265     DB 37, 2
09CE 2894           1266     DB 40, 148
09D0 2105           1267     DB 33, 5
09D2 2489           1268     DB 36, 137
09D4 2507           1269     DB 37, 7
09D6 26DC           1270     DB 38, 220
09D8 270C           1271     DB 39, 12
09DA 2895           1272     DB 40, 149
09DC 2100           1273     DB 33, 0
09DE 23AA           1274     DB 35, 170
09E0 26AA           1275     DB 38, 170
09E2 270A           1276     DB 39, 10
09E4 2896           1277     DB 40, 150
09E6 23B6           1278     DB 35, 182
09E8 2600           1279     DB 38, 0
09EA 2708           1280     DB 39, 8
09EC 2897           1281     DB 40, 151
09EE 2380           1282     DB 35, 128
09F0 2486           1283     DB 36, 134
09F2 253B           1284     DB 37, 59
09F4 26AA           1285     DB 38, 170
09F6 270A           1286     DB 39, 10
09F8 2898           1287     DB 40, 152
09FA 2105           1288     DB 33, 5
09FC 2489           1289     DB 36, 137
09FE 2507           1290     DB 37, 7
0A00 26DC           1291     DB 38, 220
0A02 270C           1292     DB 39, 12
0A04 2899           1293     DB 40, 153
0A06 2100           1294     DB 33, 0
0A08 23AA           1295     DB 35, 170
0A0A 26AA           1296     DB 38, 170
0A0C 270A           1297     DB 39, 10
0A0E 289A           1298     DB 40, 154
0A10 2380           1299     DB 35, 128
0A12 241F           1300     DB 36, 31
0A14 2502           1301     DB 37, 2
0A16 289B           1302     DB 40, 155
0A18 2101           1303     DB 33, 1
0A1A 2300           1304     DB 35, 0
0A1C 2481           1305     DB 36, 129
0A1E 25C2           1306     DB 37, 194
0A20 26AB           1307     DB 38, 171
0A22 289C           1308     DB 40, 156
0A24 2003           1309     DB 32, 3
0A26 2193           1310     DB 33, 147
0A28 2208           1311     DB 34, 8
A51 MACRO ASSEMBLER  CONFIG                                                               12/15/2015 17:47:21 PAGE    21

0A2A 2383           1312     DB 35, 131
0A2C 2489           1313     DB 36, 137
0A2E 2507           1314     DB 37, 7
0A30 2626           1315     DB 38, 38
0A32 270D           1316     DB 39, 13
0A34 289D           1317     DB 40, 157
0A36 2000           1318     DB 32, 0
0A38 2104           1319     DB 33, 4
0A3A 2200           1320     DB 34, 0
0A3C 2395           1321     DB 35, 149
0A3E 2612           1322     DB 38, 18
0A40 2708           1323     DB 39, 8
0A42 289E           1324     DB 40, 158
0A44 2160           1325     DB 33, 96
0A46 23C4           1326     DB 35, 196
0A48 26AA           1327     DB 38, 170
0A4A 2704           1328     DB 39, 4
0A4C 289F           1329     DB 40, 159
0A4E 2100           1330     DB 33, 0
0A50 23C0           1331     DB 35, 192
0A52 2600           1332     DB 38, 0
0A54 2709           1333     DB 39, 9
0A56 28A0           1334     DB 40, 160
0A58 2042           1335     DB 32, 66
0A5A 21CB           1336     DB 33, 203
0A5C 2208           1337     DB 34, 8
0A5E 2380           1338     DB 35, 128
0A60 26AA           1339     DB 38, 170
0A62 270A           1340     DB 39, 10
0A64 28A1           1341     DB 40, 161
0A66 2070           1342     DB 32, 112
0A68 2154           1343     DB 33, 84
0A6A 22B8           1344     DB 34, 184
0A6C 2395           1345     DB 35, 149
0A6E 2612           1346     DB 38, 18
0A70 2708           1347     DB 39, 8
0A72 28A2           1348     DB 40, 162
0A74 2002           1349     DB 32, 2
0A76 21CC           1350     DB 33, 204
0A78 2208           1351     DB 34, 8
0A7A 2380           1352     DB 35, 128
0A7C 26AA           1353     DB 38, 170
0A7E 270A           1354     DB 39, 10
0A80 28A3           1355     DB 40, 163
0A82 2003           1356     DB 32, 3
0A84 21CA           1357     DB 33, 202
0A86 220F           1358     DB 34, 15
0A88 2383           1359     DB 35, 131
0A8A 2626           1360     DB 38, 38
0A8C 270D           1361     DB 39, 13
0A8E 28A4           1362     DB 40, 164
0A90 2000           1363     DB 32, 0
0A92 2100           1364     DB 33, 0
0A94 2200           1365     DB 34, 0
0A96 2300           1366     DB 35, 0
0A98 248C           1367     DB 36, 140
0A9A 250C           1368     DB 37, 12
0A9C 26AA           1369     DB 38, 170
0A9E 270A           1370     DB 39, 10
0AA0 28A5           1371     DB 40, 165
0AA2 2104           1372     DB 33, 4
0AA4 2482           1373     DB 36, 130
0AA6 2578           1374     DB 37, 120
0AA8 28A6           1375     DB 40, 166
0AAA 2100           1376     DB 33, 0
0AAC 2380           1377     DB 35, 128
A51 MACRO ASSEMBLER  CONFIG                                                               12/15/2015 17:47:21 PAGE    22

0AAE 2489           1378     DB 36, 137
0AB0 2548           1379     DB 37, 72
0AB2 2612           1380     DB 38, 18
0AB4 2704           1381     DB 39, 4
0AB6 28A7           1382     DB 40, 167
0AB8 2003           1383     DB 32, 3
0ABA 21DE           1384     DB 33, 222
0ABC 220F           1385     DB 34, 15
0ABE 2383           1386     DB 35, 131
0AC0 2507           1387     DB 37, 7
0AC2 2626           1388     DB 38, 38
0AC4 270D           1389     DB 39, 13
0AC6 28A8           1390     DB 40, 168
0AC8 2000           1391     DB 32, 0
0ACA 2101           1392     DB 33, 1
0ACC 2200           1393     DB 34, 0
0ACE 2300           1394     DB 35, 0
0AD0 249C           1395     DB 36, 156
0AD2 2578           1396     DB 37, 120
0AD4 26AA           1397     DB 38, 170
0AD6 270A           1398     DB 39, 10
0AD8 28A9           1399     DB 40, 169
0ADA 2100           1400     DB 33, 0
0ADC 2380           1401     DB 35, 128
0ADE 2481           1402     DB 36, 129
0AE0 2540           1403     DB 37, 64
0AE2 28AA           1404     DB 40, 170
0AE4 2003           1405     DB 32, 3
0AE6 21CF           1406     DB 33, 207
0AE8 220F           1407     DB 34, 15
0AEA 2383           1408     DB 35, 131
0AEC 2489           1409     DB 36, 137
0AEE 2507           1410     DB 37, 7
0AF0 2626           1411     DB 38, 38
0AF2 270D           1412     DB 39, 13
0AF4 28AB           1413     DB 40, 171
0AF6 2070           1414     DB 32, 112
0AF8 2108           1415     DB 33, 8
0AFA 22B8           1416     DB 34, 184
0AFC 2395           1417     DB 35, 149
0AFE 26A0           1418     DB 38, 160
0B00 2704           1419     DB 39, 4
0B02 28AC           1420     DB 40, 172
0B04 2003           1421     DB 32, 3
0B06 21D4           1422     DB 33, 212
0B08 220F           1423     DB 34, 15
0B0A 2383           1424     DB 35, 131
0B0C 2626           1425     DB 38, 38
0B0E 270D           1426     DB 39, 13
0B10 28AD           1427     DB 40, 173
0B12 2127           1428     DB 33, 39
0B14 220B           1429     DB 34, 11
0B16 28AE           1430     DB 40, 174
0B18 2070           1431     DB 32, 112
0B1A 2163           1432     DB 33, 99
0B1C 22B8           1433     DB 34, 184
0B1E 2395           1434     DB 35, 149
0B20 2612           1435     DB 38, 18
0B22 2708           1436     DB 39, 8
0B24 28AF           1437     DB 40, 175
0B26 2000           1438     DB 32, 0
0B28 2101           1439     DB 33, 1
0B2A 2200           1440     DB 34, 0
0B2C 2380           1441     DB 35, 128
0B2E 2486           1442     DB 36, 134
0B30 25CB           1443     DB 37, 203
A51 MACRO ASSEMBLER  CONFIG                                                               12/15/2015 17:47:21 PAGE    23

0B32 26AB           1444     DB 38, 171
0B34 270A           1445     DB 39, 10
0B36 28B0           1446     DB 40, 176
0B38 2042           1447     DB 32, 66
0B3A 21DD           1448     DB 33, 221
0B3C 2208           1449     DB 34, 8
0B3E 2489           1450     DB 36, 137
0B40 2507           1451     DB 37, 7
0B42 26AA           1452     DB 38, 170
0B44 28B1           1453     DB 40, 177
0B46 2000           1454     DB 32, 0
0B48 2118           1455     DB 33, 24
0B4A 2280           1456     DB 34, 128
0B4C 2395           1457     DB 35, 149
0B4E 26A4           1458     DB 38, 164
0B50 2700           1459     DB 39, 0
0B52 28B2           1460     DB 40, 178
0B54 2003           1461     DB 32, 3
0B56 21D9           1462     DB 33, 217
0B58 220F           1463     DB 34, 15
0B5A 2383           1464     DB 35, 131
0B5C 2626           1465     DB 38, 38
0B5E 270D           1466     DB 39, 13
0B60 28B3           1467     DB 40, 179
0B62 2070           1468     DB 32, 112
0B64 210A           1469     DB 33, 10
0B66 22B8           1470     DB 34, 184
0B68 2395           1471     DB 35, 149
0B6A 26A0           1472     DB 38, 160
0B6C 2700           1473     DB 39, 0
0B6E 28B4           1474     DB 40, 180
0B70 2002           1475     DB 32, 2
0B72 21E0           1476     DB 33, 224
0B74 2208           1477     DB 34, 8
0B76 2380           1478     DB 35, 128
0B78 26AA           1479     DB 38, 170
0B7A 270A           1480     DB 39, 10
0B7C 28B5           1481     DB 40, 181
0B7E 2070           1482     DB 32, 112
0B80 210A           1483     DB 33, 10
0B82 22B8           1484     DB 34, 184
0B84 2395           1485     DB 35, 149
0B86 26A0           1486     DB 38, 160
0B88 2700           1487     DB 39, 0
0B8A 28B6           1488     DB 40, 182
0B8C 2154           1489     DB 33, 84
0B8E 2602           1490     DB 38, 2
0B90 2708           1491     DB 39, 8
0B92 28B7           1492     DB 40, 183
0B94 2000           1493     DB 32, 0
0B96 2118           1494     DB 33, 24
0B98 2280           1495     DB 34, 128
0B9A 26A4           1496     DB 38, 164
0B9C 2700           1497     DB 39, 0
0B9E 28B8           1498     DB 40, 184
0BA0 2100           1499     DB 33, 0
0BA2 2200           1500     DB 34, 0
0BA4 2380           1501     DB 35, 128
0BA6 2480           1502     DB 36, 128
0BA8 2548           1503     DB 37, 72
0BAA 26AA           1504     DB 38, 170
0BAC 270A           1505     DB 39, 10
0BAE 28B9           1506     DB 40, 185
0BB0 2070           1507     DB 32, 112
0BB2 215E           1508     DB 33, 94
0BB4 22B8           1509     DB 34, 184
A51 MACRO ASSEMBLER  CONFIG                                                               12/15/2015 17:47:21 PAGE    24

0BB6 2395           1510     DB 35, 149
0BB8 2489           1511     DB 36, 137
0BBA 2507           1512     DB 37, 7
0BBC 2612           1513     DB 38, 18
0BBE 2708           1514     DB 39, 8
0BC0 28BA           1515     DB 40, 186
0BC2 2000           1516     DB 32, 0
0BC4 2100           1517     DB 33, 0
0BC6 2200           1518     DB 34, 0
0BC8 2380           1519     DB 35, 128
0BCA 2409           1520     DB 36, 9
0BCC 254B           1521     DB 37, 75
0BCE 26AA           1522     DB 38, 170
0BD0 270A           1523     DB 39, 10
0BD2 28BB           1524     DB 40, 187
0BD4 2070           1525     DB 32, 112
0BD6 215F           1526     DB 33, 95
0BD8 22B8           1527     DB 34, 184
0BDA 2395           1528     DB 35, 149
0BDC 2489           1529     DB 36, 137
0BDE 2507           1530     DB 37, 7
0BE0 2610           1531     DB 38, 16
0BE2 2708           1532     DB 39, 8
0BE4 28BC           1533     DB 40, 188
0BE6 2000           1534     DB 32, 0
0BE8 2100           1535     DB 33, 0
0BEA 2200           1536     DB 34, 0
0BEC 2300           1537     DB 35, 0
0BEE 241C           1538     DB 36, 28
0BF0 2583           1539     DB 37, 131
0BF2 26AB           1540     DB 38, 171
0BF4 270A           1541     DB 39, 10
0BF6 28BD           1542     DB 40, 189
0BF8 2003           1543     DB 32, 3
0BFA 2132           1544     DB 33, 50
0BFC 2209           1545     DB 34, 9
0BFE 2383           1546     DB 35, 131
0C00 2489           1547     DB 36, 137
0C02 2507           1548     DB 37, 7
0C04 2626           1549     DB 38, 38
0C06 270D           1550     DB 39, 13
0C08 28BE           1551     DB 40, 190
0C0A 2000           1552     DB 32, 0
0C0C 2100           1553     DB 33, 0
0C0E 2200           1554     DB 34, 0
0C10 2300           1555     DB 35, 0
0C12 2482           1556     DB 36, 130
0C14 258C           1557     DB 37, 140
0C16 26AB           1558     DB 38, 171
0C18 270A           1559     DB 39, 10
0C1A 28BF           1560     DB 40, 191
0C1C 2003           1561     DB 32, 3
0C1E 2125           1562     DB 33, 37
0C20 2209           1563     DB 34, 9
0C22 2383           1564     DB 35, 131
0C24 2489           1565     DB 36, 137
0C26 2507           1566     DB 37, 7
0C28 2626           1567     DB 38, 38
0C2A 270D           1568     DB 39, 13
0C2C 28C0           1569     DB 40, 192
0C2E 2042           1570     DB 32, 66
0C30 21BC           1571     DB 33, 188
0C32 2380           1572     DB 35, 128
0C34 26AA           1573     DB 38, 170
0C36 270A           1574     DB 39, 10
0C38 28C1           1575     DB 40, 193
A51 MACRO ASSEMBLER  CONFIG                                                               12/15/2015 17:47:21 PAGE    25

0C3A 2000           1576     DB 32, 0
0C3C 2101           1577     DB 33, 1
0C3E 2200           1578     DB 34, 0
0C40 2300           1579     DB 35, 0
0C42 2401           1580     DB 36, 1
0C44 25C0           1581     DB 37, 192
0C46 26AB           1582     DB 38, 171
0C48 28C2           1583     DB 40, 194
0C4A 2070           1584     DB 32, 112
0C4C 210F           1585     DB 33, 15
0C4E 22B8           1586     DB 34, 184
0C50 2395           1587     DB 35, 149
0C52 2489           1588     DB 36, 137
0C54 2507           1589     DB 37, 7
0C56 2620           1590     DB 38, 32
0C58 2700           1591     DB 39, 0
0C5A 28C3           1592     DB 40, 195
0C5C 2003           1593     DB 32, 3
0C5E 21E3           1594     DB 33, 227
0C60 220F           1595     DB 34, 15
0C62 2383           1596     DB 35, 131
0C64 2626           1597     DB 38, 38
0C66 270D           1598     DB 39, 13
0C68 28C4           1599     DB 40, 196
0C6A 2005           1600     DB 32, 5
0C6C 2100           1601     DB 33, 0
0C6E 2200           1602     DB 34, 0
0C70 2384           1603     DB 35, 132
0C72 26B4           1604     DB 38, 180
0C74 2709           1605     DB 39, 9
0C76 28C5           1606     DB 40, 197
0C78 2000           1607     DB 32, 0
0C7A 2103           1608     DB 33, 3
0C7C 2395           1609     DB 35, 149
0C7E 2614           1610     DB 38, 20
0C80 2708           1611     DB 39, 8
0C82 28C6           1612     DB 40, 198
0C84 21A6           1613     DB 33, 166
0C86 23A4           1614     DB 35, 164
0C88 262A           1615     DB 38, 42
0C8A 2705           1616     DB 39, 5
0C8C 28C7           1617     DB 40, 199
0C8E 2100           1618     DB 33, 0
0C90 23A0           1619     DB 35, 160
0C92 2644           1620     DB 38, 68
0C94 2709           1621     DB 39, 9
0C96 28C8           1622     DB 40, 200
0C98 2118           1623     DB 33, 24
0C9A 226D           1624     DB 34, 109
0C9C 2380           1625     DB 35, 128
0C9E 249E           1626     DB 36, 158
0CA0 257B           1627     DB 37, 123
0CA2 26AA           1628     DB 38, 170
0CA4 270A           1629     DB 39, 10
0CA6 28C9           1630     DB 40, 201
0CA8 2042           1631     DB 32, 66
0CAA 2113           1632     DB 33, 19
0CAC 220B           1633     DB 34, 11
0CAE 2489           1634     DB 36, 137
0CB0 2507           1635     DB 37, 7
0CB2 28CA           1636     DB 40, 202
0CB4 2000           1637     DB 32, 0
0CB6 21AE           1638     DB 33, 174
0CB8 2200           1639     DB 34, 0
0CBA 2395           1640     DB 35, 149
0CBC 2624           1641     DB 38, 36
A51 MACRO ASSEMBLER  CONFIG                                                               12/15/2015 17:47:21 PAGE    26

0CBE 2700           1642     DB 39, 0
0CC0 28CB           1643     DB 40, 203
0CC2 2100           1644     DB 33, 0
0CC4 2203           1645     DB 34, 3
0CC6 2380           1646     DB 35, 128
0CC8 2487           1647     DB 36, 135
0CCA 257B           1648     DB 37, 123
0CCC 26AA           1649     DB 38, 170
0CCE 270A           1650     DB 39, 10
0CD0 28CC           1651     DB 40, 204
0CD2 2042           1652     DB 32, 66
0CD4 2116           1653     DB 33, 22
0CD6 220B           1654     DB 34, 11
0CD8 2489           1655     DB 36, 137
0CDA 2507           1656     DB 37, 7
0CDC 28CD           1657     DB 40, 205
0CDE 2000           1658     DB 32, 0
0CE0 21AE           1659     DB 33, 174
0CE2 2200           1660     DB 34, 0
0CE4 2395           1661     DB 35, 149
0CE6 2624           1662     DB 38, 36
0CE8 2700           1663     DB 39, 0
0CEA 28CE           1664     DB 40, 206
0CEC 2005           1665     DB 32, 5
0CEE 2100           1666     DB 33, 0
0CF0 2384           1667     DB 35, 132
0CF2 26B4           1668     DB 38, 180
0CF4 2709           1669     DB 39, 9
0CF6 28CF           1670     DB 40, 207
0CF8 2003           1671     DB 32, 3
0CFA 210D           1672     DB 33, 13
0CFC 220B           1673     DB 34, 11
0CFE 2383           1674     DB 35, 131
0D00 2626           1675     DB 38, 38
0D02 270D           1676     DB 39, 13
0D04 28D0           1677     DB 40, 208
0D06 2000           1678     DB 32, 0
0D08 2100           1679     DB 33, 0
0D0A 2200           1680     DB 34, 0
0D0C 2300           1681     DB 35, 0
0D0E 2480           1682     DB 36, 128
0D10 2602           1683     DB 38, 2
0D12 2700           1684     DB 39, 0
0D14 28D1           1685     DB 40, 209
0D16 2380           1686     DB 35, 128
0D18 2409           1687     DB 36, 9
0D1A 2548           1688     DB 37, 72
0D1C 261E           1689     DB 38, 30
0D1E 28D2           1690     DB 40, 210
0D20 2158           1691     DB 33, 88
0D22 2234           1692     DB 34, 52
0D24 2333           1693     DB 35, 51
0D26 2480           1694     DB 36, 128
0D28 2507           1695     DB 37, 7
0D2A 262A           1696     DB 38, 42
0D2C 28D3           1697     DB 40, 211
0D2E 2100           1698     DB 33, 0
0D30 2200           1699     DB 34, 0
0D32 2300           1700     DB 35, 0
0D34 2680           1701     DB 38, 128
0D36 2710           1702     DB 39, 16
0D38 28D4           1703     DB 40, 212
0D3A 2110           1704     DB 33, 16
0D3C 2363           1705     DB 35, 99
0D3E 262A           1706     DB 38, 42
0D40 2700           1707     DB 39, 0
A51 MACRO ASSEMBLER  CONFIG                                                               12/15/2015 17:47:21 PAGE    27

0D42 28D5           1708     DB 40, 213
0D44 2100           1709     DB 33, 0
0D46 2360           1710     DB 35, 96
0D48 26A8           1711     DB 38, 168
0D4A 2712           1712     DB 39, 18
0D4C 28D6           1713     DB 40, 214
0D4E 21AF           1714     DB 33, 175
0D50 224C           1715     DB 34, 76
0D52 2300           1716     DB 35, 0
0D54 26C8           1717     DB 38, 200
0D56 270C           1718     DB 39, 12
0D58 28D7           1719     DB 40, 215
0D5A 2100           1720     DB 33, 0
0D5C 2200           1721     DB 34, 0
0D5E 2680           1722     DB 38, 128
0D60 2705           1723     DB 39, 5
0D62 28D8           1724     DB 40, 216
0D64 2380           1725     DB 35, 128
0D66 2486           1726     DB 36, 134
0D68 253B           1727     DB 37, 59
0D6A 261E           1728     DB 38, 30
0D6C 2700           1729     DB 39, 0
0D6E 28D9           1730     DB 40, 217
0D70 2042           1731     DB 32, 66
0D72 211C           1732     DB 33, 28
0D74 220E           1733     DB 34, 14
0D76 2300           1734     DB 35, 0
0D78 2480           1735     DB 36, 128
0D7A 2507           1736     DB 37, 7
0D7C 28DA           1737     DB 40, 218
0D7E 2000           1738     DB 32, 0
0D80 2135           1739     DB 33, 53
0D82 2229           1740     DB 34, 41
0D84 26C4           1741     DB 38, 196
0D86 270C           1742     DB 39, 12
0D88 28DB           1743     DB 40, 219
0D8A 2002           1744     DB 32, 2
0D8C 211D           1745     DB 33, 29
0D8E 220E           1746     DB 34, 14
0D90 261E           1747     DB 38, 30
0D92 2700           1748     DB 39, 0
0D94 28DC           1749     DB 40, 220
0D96 2000           1750     DB 32, 0
0D98 217F           1751     DB 33, 127
0D9A 2234           1752     DB 34, 52
0D9C 26C4           1753     DB 38, 196
0D9E 270C           1754     DB 39, 12
0DA0 28DD           1755     DB 40, 221
0DA2 2100           1756     DB 33, 0
0DA4 2200           1757     DB 34, 0
0DA6 2390           1758     DB 35, 144
0DA8 249F           1759     DB 36, 159
0DAA 2504           1760     DB 37, 4
0DAC 2610           1761     DB 38, 16
0DAE 270A           1762     DB 39, 10
0DB0 28DE           1763     DB 40, 222
0DB2 2300           1764     DB 35, 0
0DB4 2484           1765     DB 36, 132
0DB6 2500           1766     DB 37, 0
0DB8 2680           1767     DB 38, 128
0DBA 2710           1768     DB 39, 16
0DBC 28DF           1769     DB 40, 223
0DBE 2106           1770     DB 33, 6
0DC0 2363           1771     DB 35, 99
0DC2 2480           1772     DB 36, 128
0DC4 2507           1773     DB 37, 7
A51 MACRO ASSEMBLER  CONFIG                                                               12/15/2015 17:47:21 PAGE    28

0DC6 262A           1774     DB 38, 42
0DC8 2700           1775     DB 39, 0
0DCA 28E0           1776     DB 40, 224
0DCC 2100           1777     DB 33, 0
0DCE 2380           1778     DB 35, 128
0DD0 2489           1779     DB 36, 137
0DD2 26AA           1780     DB 38, 170
0DD4 270A           1781     DB 39, 10
0DD6 28E1           1782     DB 40, 225
0DD8 2005           1783     DB 32, 5
0DDA 2384           1784     DB 35, 132
0DDC 26B4           1785     DB 38, 180
0DDE 2709           1786     DB 39, 9
0DE0 28E2           1787     DB 40, 226
0DE2 2070           1788     DB 32, 112
0DE4 2161           1789     DB 33, 97
0DE6 22B8           1790     DB 34, 184
0DE8 2395           1791     DB 35, 149
0DEA 2612           1792     DB 38, 18
0DEC 2708           1793     DB 39, 8
0DEE 28E3           1794     DB 40, 227
0DF0 2000           1795     DB 32, 0
0DF2 2101           1796     DB 33, 1
0DF4 2200           1797     DB 34, 0
0DF6 2380           1798     DB 35, 128
0DF8 2486           1799     DB 36, 134
0DFA 25C3           1800     DB 37, 195
0DFC 26AB           1801     DB 38, 171
0DFE 270A           1802     DB 39, 10
0E00 28E4           1803     DB 40, 228
0E02 2042           1804     DB 32, 66
0E04 21CE           1805     DB 33, 206
0E06 220F           1806     DB 34, 15
0E08 2489           1807     DB 36, 137
0E0A 2507           1808     DB 37, 7
0E0C 26AA           1809     DB 38, 170
0E0E 28E5           1810     DB 40, 229
0E10 2070           1811     DB 32, 112
0E12 2150           1812     DB 33, 80
0E14 22B8           1813     DB 34, 184
0E16 2395           1814     DB 35, 149
0E18 2612           1815     DB 38, 18
0E1A 2708           1816     DB 39, 8
0E1C 28E6           1817     DB 40, 230
0E1E 2005           1818     DB 32, 5
0E20 2100           1819     DB 33, 0
0E22 2200           1820     DB 34, 0
0E24 2384           1821     DB 35, 132
0E26 26B4           1822     DB 38, 180
0E28 2709           1823     DB 39, 9
0E2A 28E7           1824     DB 40, 231
0E2C 2070           1825     DB 32, 112
0E2E 2164           1826     DB 33, 100
0E30 22B8           1827     DB 34, 184
0E32 2395           1828     DB 35, 149
0E34 2612           1829     DB 38, 18
0E36 2708           1830     DB 39, 8
0E38 28E8           1831     DB 40, 232
0E3A 2000           1832     DB 32, 0
0E3C 2101           1833     DB 33, 1
0E3E 2200           1834     DB 34, 0
0E40 2380           1835     DB 35, 128
0E42 2486           1836     DB 36, 134
0E44 25C3           1837     DB 37, 195
0E46 26AB           1838     DB 38, 171
0E48 270A           1839     DB 39, 10
A51 MACRO ASSEMBLER  CONFIG                                                               12/15/2015 17:47:21 PAGE    29

0E4A 28E9           1840     DB 40, 233
0E4C 2042           1841     DB 32, 66
0E4E 21D3           1842     DB 33, 211
0E50 220F           1843     DB 34, 15
0E52 2489           1844     DB 36, 137
0E54 2507           1845     DB 37, 7
0E56 26AA           1846     DB 38, 170
0E58 28EA           1847     DB 40, 234
0E5A 2070           1848     DB 32, 112
0E5C 2151           1849     DB 33, 81
0E5E 22B8           1850     DB 34, 184
0E60 2395           1851     DB 35, 149
0E62 2612           1852     DB 38, 18
0E64 2708           1853     DB 39, 8
0E66 28EB           1854     DB 40, 235
0E68 2005           1855     DB 32, 5
0E6A 2100           1856     DB 33, 0
0E6C 2200           1857     DB 34, 0
0E6E 2384           1858     DB 35, 132
0E70 26B4           1859     DB 38, 180
0E72 2709           1860     DB 39, 9
0E74 28EC           1861     DB 40, 236
0E76 2070           1862     DB 32, 112
0E78 2165           1863     DB 33, 101
0E7A 22B8           1864     DB 34, 184
0E7C 2395           1865     DB 35, 149
0E7E 2612           1866     DB 38, 18
0E80 2708           1867     DB 39, 8
0E82 28ED           1868     DB 40, 237
0E84 2000           1869     DB 32, 0
0E86 2101           1870     DB 33, 1
0E88 2200           1871     DB 34, 0
0E8A 2380           1872     DB 35, 128
0E8C 2486           1873     DB 36, 134
0E8E 25C3           1874     DB 37, 195
0E90 26AB           1875     DB 38, 171
0E92 270A           1876     DB 39, 10
0E94 28EE           1877     DB 40, 238
0E96 2042           1878     DB 32, 66
0E98 21D8           1879     DB 33, 216
0E9A 220F           1880     DB 34, 15
0E9C 2489           1881     DB 36, 137
0E9E 2507           1882     DB 37, 7
0EA0 26AA           1883     DB 38, 170
0EA2 28EF           1884     DB 40, 239
0EA4 2070           1885     DB 32, 112
0EA6 2152           1886     DB 33, 82
0EA8 22B8           1887     DB 34, 184
0EAA 2395           1888     DB 35, 149
0EAC 2612           1889     DB 38, 18
0EAE 2708           1890     DB 39, 8
0EB0 28F0           1891     DB 40, 240
0EB2 2005           1892     DB 32, 5
0EB4 2100           1893     DB 33, 0
0EB6 2200           1894     DB 34, 0
0EB8 2384           1895     DB 35, 132
0EBA 26B4           1896     DB 38, 180
0EBC 2709           1897     DB 39, 9
0EBE 28F1           1898     DB 40, 241
0EC0 2070           1899     DB 32, 112
0EC2 2161           1900     DB 33, 97
0EC4 22B8           1901     DB 34, 184
0EC6 2395           1902     DB 35, 149
0EC8 2602           1903     DB 38, 2
0ECA 2708           1904     DB 39, 8
0ECC 28F2           1905     DB 40, 242
A51 MACRO ASSEMBLER  CONFIG                                                               12/15/2015 17:47:21 PAGE    30

0ECE 2000           1906     DB 32, 0
0ED0 2101           1907     DB 33, 1
0ED2 2200           1908     DB 34, 0
0ED4 2380           1909     DB 35, 128
0ED6 2486           1910     DB 36, 134
0ED8 25C3           1911     DB 37, 195
0EDA 26AB           1912     DB 38, 171
0EDC 270A           1913     DB 39, 10
0EDE 28F3           1914     DB 40, 243
0EE0 2042           1915     DB 32, 66
0EE2 21DD           1916     DB 33, 221
0EE4 220F           1917     DB 34, 15
0EE6 2489           1918     DB 36, 137
0EE8 2507           1919     DB 37, 7
0EEA 26AA           1920     DB 38, 170
0EEC 28F4           1921     DB 40, 244
0EEE 2070           1922     DB 32, 112
0EF0 2150           1923     DB 33, 80
0EF2 22B8           1924     DB 34, 184
0EF4 2395           1925     DB 35, 149
0EF6 2602           1926     DB 38, 2
0EF8 2708           1927     DB 39, 8
0EFA 28F5           1928     DB 40, 245
0EFC 2005           1929     DB 32, 5
0EFE 2100           1930     DB 33, 0
0F00 2200           1931     DB 34, 0
0F02 2384           1932     DB 35, 132
0F04 26B4           1933     DB 38, 180
0F06 2709           1934     DB 39, 9
0F08 28F6           1935     DB 40, 246
0F0A 2000           1936     DB 32, 0
0F0C 2101           1937     DB 33, 1
0F0E 2380           1938     DB 35, 128
0F10 2486           1939     DB 36, 134
0F12 25CB           1940     DB 37, 203
0F14 26AB           1941     DB 38, 171
0F16 270A           1942     DB 39, 10
0F18 28F7           1943     DB 40, 247
0F1A 2042           1944     DB 32, 66
0F1C 21E1           1945     DB 33, 225
0F1E 220F           1946     DB 34, 15
0F20 2489           1947     DB 36, 137
0F22 2507           1948     DB 37, 7
0F24 26AA           1949     DB 38, 170
0F26 28F8           1950     DB 40, 248
0F28 2000           1951     DB 32, 0
0F2A 2102           1952     DB 33, 2
0F2C 2200           1953     DB 34, 0
0F2E 2300           1954     DB 35, 0
0F30 2481           1955     DB 36, 129
0F32 25C4           1956     DB 37, 196
0F34 26AB           1957     DB 38, 171
0F36 28F9           1958     DB 40, 249
0F38 2100           1959     DB 33, 0
0F3A 2380           1960     DB 35, 128
0F3C 2489           1961     DB 36, 137
0F3E 2548           1962     DB 37, 72
0F40 26AA           1963     DB 38, 170
0F42 28FA           1964     DB 40, 250
0F44 2005           1965     DB 32, 5
0F46 2384           1966     DB 35, 132
0F48 2507           1967     DB 37, 7
0F4A 26B4           1968     DB 38, 180
0F4C 2709           1969     DB 39, 9
0F4E 28FB           1970     DB 40, 251
0F50 2070           1971     DB 32, 112
A51 MACRO ASSEMBLER  CONFIG                                                               12/15/2015 17:47:21 PAGE    31

0F52 214E           1972     DB 33, 78
0F54 22B8           1973     DB 34, 184
0F56 2395           1974     DB 35, 149
0F58 2610           1975     DB 38, 16
0F5A 2708           1976     DB 39, 8
0F5C 28FC           1977     DB 40, 252
0F5E 2000           1978     DB 32, 0
0F60 2100           1979     DB 33, 0
0F62 2200           1980     DB 34, 0
0F64 2380           1981     DB 35, 128
0F66 2486           1982     DB 36, 134
0F68 25C3           1983     DB 37, 195
0F6A 26AB           1984     DB 38, 171
0F6C 270A           1985     DB 39, 10
0F6E 28FD           1986     DB 40, 253
0F70 2042           1987     DB 32, 66
0F72 21E7           1988     DB 33, 231
0F74 220F           1989     DB 34, 15
0F76 2489           1990     DB 36, 137
0F78 2507           1991     DB 37, 7
0F7A 26AA           1992     DB 38, 170
0F7C 28FE           1993     DB 40, 254
0F7E 2000           1994     DB 32, 0
0F80 21BB           1995     DB 33, 187
0F82 2200           1996     DB 34, 0
0F84 2395           1997     DB 35, 149
0F86 2620           1998     DB 38, 32
0F88 2700           1999     DB 39, 0
0F8A 28FF           2000     DB 40, 255
0F8C 2005           2001     DB 32, 5
0F8E 2100           2002     DB 33, 0
0F90 2384           2003     DB 35, 132
0F92 26B4           2004     DB 38, 180
0F94 2709           2005     DB 39, 9
0F96 2A08           2006     DB 42, 8
0F98 1001           2007     DB 16, 1
0F9A FFFF           2008     DB 0xff, 0xff
0F9C FFFF           2009     DB 0xff, 0xff
0F9E FFFF           2010     DB 0xff, 0xff
                    2011     
0FA0                2012     CONFIG2:
0FA0 3A00           2013     DB 58, 0
0FA2 643A           2014     DB 100, 58
0FA4 65BB           2015     DB 101, 187
0FA6 083A           2016     DB 8, 58
0FA8 09BB           2017     DB 9, 187
0FAA 5010           2018     DB 80, 16
0FAC 5267           2019     DB 82, 103
0FAE 5177           2020     DB 81, 119
0FB0 05A1           2021     DB 5, 161
0FB2 1804           2022     DB 24, 4
0FB4 5401           2023     DB 84, 1
0FB6 5521           2024     DB 85, 33
0FB8 0700           2025     DB 7, 0
0FBA 060C           2026     DB 6, 12
0FBC 0B03           2027     DB 11, 3
0FBE 5010           2028     DB 80, 16
0FC0 5100           2029     DB 81, 0
0FC2 5204           2030     DB 82, 4
0FC4 610F           2031     DB 97, 15
0FC6 6455           2032     DB 100, 85
0FC8 6555           2033     DB 101, 85
0FCA 05A1           2034     DB 5, 161
0FCC 1804           2035     DB 24, 4
0FCE FFFF           2036     DB 0xff, 0xff
0FD0 FFFF           2037     DB 0xff, 0xff
A51 MACRO ASSEMBLER  CONFIG                                                               12/15/2015 17:47:21 PAGE    32

0FD2 FFFF           2038     DB 0xff, 0xff
                    2039     
0FD4                2040     CONFIG3:
0FD4 5407           2041     DB 0x54, 7
0FD6 5510           2042     DB 0x55, 0x10
0FD8 52B8           2043     DB 82, 184
0FDA 5100           2044     DB 81, 0
0FDC 6500           2045     DB 101, 0
0FDE 6400           2046     DB 100, 0
0FE0 5006           2047     DB 80, 6
0FE2 6105           2048     DB 97, 5
0FE4 05A1           2049     DB 5, 161
0FE6 0D00           2050     DB 0x0d, 0x00
0FE8 1804           2051     DB 0x18, 0x04
0FEA 0C01           2052     DB 0x0c, 0x01
0FEC 4609           2053     DB 0x46, 9
0FEE 4809           2054     DB 0x48, 9
0FF0 7201           2055     DB 0x72, 1
0FF2 FFFF           2056     DB 0xff, 0xff
0FF4 FFFF           2057     DB 0xff, 0xff
0FF6 FFFF           2058     DB 0xff, 0xff
                    2059     
                    2060     END
A51 MACRO ASSEMBLER  CONFIG                                                               12/15/2015 17:47:21 PAGE    33

SYMBOL TABLE LISTING
------ ----- -------


N A M E             T Y P E  V A L U E   ATTRIBUTES

CONFIG . . . . . .  C ADDR   0000H   R   SEG=STA013_CONFIG
CONFIG2. . . . . .  C ADDR   0FA0H   R   SEG=STA013_CONFIG
CONFIG3. . . . . .  C ADDR   0FD4H   R   SEG=STA013_CONFIG
STA013_CONFIG. . .  C SEG    0FF8H       REL=UNIT


REGISTER BANK(S) USED: 0 


ASSEMBLY COMPLETE.  0 WARNING(S), 0 ERROR(S)
