C51 COMPILER V9.54   LONG_SERIAL_IN                                                        12/13/2015 16:08:23 PAGE 1   


C51 COMPILER V9.54, COMPILATION OF MODULE LONG_SERIAL_IN
OBJECT MODULE PLACED IN .\Objects\Long_Serial_In.obj
COMPILER INVOKED BY: C:\Keil_v5\C51\BIN\C51.EXE Long_Serial_In.c OPTIMIZE(8,SPEED) BROWSE DEBUG OBJECTEXTEND PRINT(.\Lis
                    -tings\Long_Serial_In.lst) TABS(2) OBJECT(.\Objects\Long_Serial_In.obj)

line level    source

   1          #include <stdio.h>
   2          #include "main.h"
   3          #include "Long_Serial_In.h"
   4          #include <stdlib.h>
   5          
   6          
   7          /***********************************************************************
   8          DESC:    Waits for user input of a long integer as ASCII characters
   9                  
  10          INPUT: Nothing
  11          RETURNS: unsigned long
  12          CAUTION: UART must be initialized first
  13          ************************************************************************/
  14          
  15          uint32_t long_serial_input(void)
  16          { 
  17   1         uint8_t  idata input_values[11]; 
  18   1         uint8_t  idata index,input;   
  19   1         uint32_t idata output_value;
  20   1            for(index=0;index<11;index++)
  21   1            {
  22   2              input_values[index]=0;
  23   2            }
  24   1            output_value=0xffffffff;
  25   1            index=0;
  26   1            do
  27   1            {
  28   2               input=getchar();
  29   2               if((input>=0x30)&&(input<=0x39))
  30   2               {
  31   3                 input_values[index]=input;
  32   3                 index++;
  33   3               }
  34   2               else if ((input==BS)||(input==DEL))  // Putty uses DEL (127) or BS (0x08) for backspace
  35   2               {
  36   3                 index--;
  37   3                 input_values[index]=0;
  38   3                 putchar(space);
  39   3                 putchar(BS);
  40   3               }
  41   2               else if ((input==CR)||(input==LF))
  42   2               {
  43   3                  output_value=atol(input_values);
  44   3                  putchar(CR);
  45   3            putchar(LF);
  46   3               }
  47   2               else
  48   2               {
  49   3                 putchar(BS);
  50   3                 putchar(space);
  51   3                 putchar(BS);
  52   3               }
  53   2               if(index==10)
  54   2               {
C51 COMPILER V9.54   LONG_SERIAL_IN                                                        12/13/2015 16:08:23 PAGE 2   

  55   3                  output_value=atol(input_values);
  56   3                  putchar(CR);
  57   3            putchar(LF);
  58   3               }
  59   2            }while(output_value==0xffffffff);
  60   1      
  61   1      return output_value;
  62   1      }


MODULE INFORMATION:   STATIC OVERLAYABLE
   CODE SIZE        =    197    ----
   CONSTANT SIZE    =   ----    ----
   XDATA SIZE       =   ----    ----
   PDATA SIZE       =   ----    ----
   DATA SIZE        =   ----    ----
   IDATA SIZE       =   ----      17
   BIT SIZE         =   ----    ----
END OF MODULE INFORMATION.


C51 COMPILATION COMPLETE.  0 WARNING(S),  0 ERROR(S)
