C51 COMPILER V9.54   PLAY_SONG                                                             12/11/2015 22:07:52 PAGE 1   


C51 COMPILER V9.54, COMPILATION OF MODULE PLAY_SONG
OBJECT MODULE PLACED IN .\Objects\Play_Song.obj
COMPILER INVOKED BY: C:\Keil_v5\C51\BIN\C51.EXE Play_Song.c COMPACT OPTIMIZE(8,SPEED) BROWSE DEBUG OBJECTEXTEND PRINT(.\
                    -Listings\Play_Song.lst) TABS(2) OBJECT(.\Objects\Play_Song.obj)

line level    source

   1          #include "stdio.h"
   2          #include "main.h"
   3          #include "PORT.H"
   4          #include "SPI.h"
   5          #include "File_System_v2.h"
   6          #include "Read_Sector.h"
   7          #include "Play_Song.h"
   8          extern uint8_t xdata buf1[512];
   9          extern uint8_t xdata buf2[512]; 
  10          
  11          void Play_Song(uint32_t Start_Cluster)
  12          {
  13   1         uint16_t index1, index2;
  14   1         uint8_t buffer1, buffer2, temp8;
  15   1         uint32_t sector, sector_offset;
  16   1         printf("Starting Cluster = %lu\n\r",Start_Cluster);
  17   1      
  18   1         sector=First_Sector(Start_Cluster);
  19   1         printf("Starting Sector = %lu\n\r",sector);
  20   1         sector_offset=0;
  21   1         buffer1=1;
  22   1         buffer2=0;
  23   1         //P3_2=ON;
  24   1         YELLOWLED=ON;
  25   1         index1=0;
  26   1         
  27   1         Read_Sector(sector+sector_offset, 512, buf1);
  28   1      
  29   1         sector_offset++;
  30   1         YELLOWLED=OFF;
  31   1         AMBERLED=ON;
  32   1         index2=0;
  33   1         
  34   1         Read_Sector(sector+sector_offset, 512, buf2);
  35   1         sector_offset++;
  36   1         AMBERLED=OFF;
  37   1         do
  38   1        {      
  39   2           do
  40   2           {
  41   3              if(DATA_REQ==0)
  42   3              {
  43   4                 GREENLED=ON;
  44   4                 BIT_EN=1;
  45   4                 SPI_Transfer(buf1[index1], &temp8);
  46   4               GREENLED=OFF;
  47   4               index1++;
  48   4                 if(index1>511)
  49   4                 {
  50   5                    if(index2>511)
  51   5                    {
  52   6                        BIT_EN=0;              
  53   6                        AMBERLED=ON;
  54   6                index2=0;
C51 COMPILER V9.54   PLAY_SONG                                                             12/11/2015 22:07:52 PAGE 2   

  55   6                
  56   6                Read_Sector(sector+sector_offset, 512, buf2);
  57   6                sector_offset++;
  58   6                        AMBERLED=OFF;
  59   6                    }
  60   5                    buffer1=0;
  61   5                    buffer2=1;
  62   5      
  63   5                }
  64   4             }
  65   3             else
  66   3             {
  67   4                if(index2>511)
  68   4                {
  69   5                    BIT_EN=0;
  70   5                    AMBERLED=ON;
  71   5              index2=0;
  72   5              
  73   5              Read_Sector(sector+sector_offset, 512, buf2);
  74   5              sector_offset++;
  75   5                    AMBERLED=OFF;
  76   5                }
  77   4                else
  78   4                {
  79   5                    if(index1>511)
  80   5                    {
  81   6                        buffer1=0;
  82   6                        buffer2=1;
  83   6                    }
  84   5                }
  85   4            }
  86   3         }while(buffer1==1);
  87   2         do
  88   2         {
  89   3            if(DATA_REQ==0)
  90   3            {
  91   4              
  92   4                REDLED=ON;
  93   4                BIT_EN=1;
  94   4                SPI_Transfer(buf2[index2], &temp8);
  95   4                REDLED=OFF;
  96   4                index2++;
  97   4                if(index2>511)
  98   4                {
  99   5                    if(index1>511)
 100   5                    {
 101   6                        BIT_EN=0; 
 102   6                        YELLOWLED=ON;
 103   6                index1=0;
 104   6                
 105   6                Read_Sector(sector+sector_offset, 512, buf1);
 106   6                sector_offset++;
 107   6                        YELLOWLED=OFF;
 108   6                    }
 109   5                    buffer2=0;
 110   5                    buffer1=1;
 111   5               
 112   5                 }
 113   4              }
 114   3              else
 115   3              {
 116   4                 if(index1>511)
C51 COMPILER V9.54   PLAY_SONG                                                             12/11/2015 22:07:52 PAGE 3   

 117   4                 {
 118   5                    BIT_EN=0; 
 119   5                    YELLOWLED=ON;
 120   5              index1=0;
 121   5              
 122   5              Read_Sector(sector+sector_offset, 512, buf1);
 123   5              sector_offset++;
 124   5                    YELLOWLED=OFF;
 125   5                 }
 126   4                 else
 127   4                 {
 128   5                     if(index2>511)
 129   5                     {
 130   6                        buffer2=0;
 131   6                        buffer1=1;
 132   6                     }
 133   5                 }
 134   4              }
 135   3            }while(buffer2==1);
 136   2        }while(sector_offset<512);
 137   1      //P3_2=OFF;
 138   1      } 
 139          
 140          /*
 141          
 142          void Play_Song2(uint32_t Start_Cluster)
 143          {
 144             uint16_t index1;
 145             uint8_t buff_emp, * p_out;
 146             uint32_t sector, sector_offset;
 147          printf("Starting Cluster = %lu\n\r",Start_Cluster);
 148          sector=First_Sector(Start_Cluster);
 149          printf("Starting Sector = %lu\n\r",sector);
 150          //P3_2=ON;
 151          sector_offset=0;
 152          YELLOWLED=ON;
 153          nCS0=0;
 154          SEND_COMMAND(17,sector+sector_offset);
 155          read_block(512,buf1);
 156          index1=0;
 157          sector_offset++;
 158          nCS0=1;
 159          YELLOWLED=OFF;
 160          //AMBERLED=ON;
 161          //nCS0=0;
 162          //SEND_COMMAND(17,sector+sector_offset);
 163          //read_block(buf2,512);
 164          //sector_offset++;
 165          //nCS0=1;
 166          //AMBERLED=OFF;
 167          
 168          
 169             p_out=buf1;
 170             buff_emp=0;
 171             do
 172             {
 173                if(DATA_REQ==0)
 174                {
 175                   GREENLED=ON;
 176                   BIT_EN=1;
 177                   while((SPSTA&0x80)!=0x80);
 178                   SPDAT=*(buf1+index1);
C51 COMPILER V9.54   PLAY_SONG                                                             12/11/2015 22:07:52 PAGE 4   

 179                   index1++;
 180                   if(index1==512)
 181                   {
 182                      buff_emp|=1;           
 183                   }
 184               if(index1==1024)
 185               {
 186                  index1=0;
 187                buff_emp|=2;
 188                 }
 189                   if(index1==768)
 190                   {
 191                     BIT_EN=0;
 192                     GREENLED=OFF;
 193                     if((buff_emp & 0x01)==0x01)
 194                     {
 195                        YELLOWLED=ON;
 196                        nCS0=0;
 197                        SEND_COMMAND(17,sector+sector_offset);
 198                        read_block(512,buf1);
 199                        nCS0=1;             
 200                        YELLOWLED=OFF;
 201                        buff_emp &= 0xFE;
 202                        sector_offset++;            
 203                     }
 204                   }
 205                   if(index1==256)
 206                   {
 207                     BIT_EN=0;
 208                     GREENLED=OFF;
 209                     if((buff_emp & 0x02)==0x02)
 210                     {
 211                        AMBERLED=ON;
 212                        nCS0=0;
 213                        SEND_COMMAND(17,sector+sector_offset);
 214                        read_block(512,buf2);
 215                        nCS0=1;             
 216                        AMBERLED=OFF;
 217                        buff_emp &= 0xFD;
 218                        sector_offset++;            
 219                     }
 220                   }                        
 221                 }
 222                 else
 223                 {
 224                    GREENLED=OFF;
 225                    BIT_EN=0;
 226                    if((buff_emp & 0x01)==0x01)
 227                    {
 228                       YELLOWLED=ON;
 229                       nCS0=0;
 230                       SEND_COMMAND(17,sector+sector_offset);
 231                       read_block(512,buf1);
 232                       nCS0=1;             
 233                       YELLOWLED=OFF;
 234                       buff_emp &= 0xFE;
 235                       sector_offset++;
 236           //            print_hex(1);
 237           //            print_hex(i);
 238                      
 239                    }
 240                    else if((buff_emp & 0x02)==0x02)
C51 COMPILER V9.54   PLAY_SONG                                                             12/11/2015 22:07:52 PAGE 5   

 241                    {
 242                       AMBERLED=ON;
 243                       nCS0=0;
 244                       SEND_COMMAND(17,sector+sector_offset);
 245                       read_block(512,buf2);
 246                       nCS0=1;             
 247                       AMBERLED=OFF;
 248                       buff_emp &= 0xFD;
 249                       sector_offset++;
 250                    }
 251                 }
 252             }while(sector_offset<128);   
 253             GREENLED=1;
 254          //   P3_2=OFF;
 255            }  
 256          
 257           */  


MODULE INFORMATION:   STATIC OVERLAYABLE
   CODE SIZE        =    979    ----
   CONSTANT SIZE    =     49    ----
   XDATA SIZE       =   ----    ----
   PDATA SIZE       =   ----      19
   DATA SIZE        =   ----    ----
   IDATA SIZE       =   ----    ----
   BIT SIZE         =   ----    ----
END OF MODULE INFORMATION.


C51 COMPILATION COMPLETE.  0 WARNING(S),  0 ERROR(S)
