C51 COMPILER V9.54   READ_SECTOR                                                           12/15/2015 17:47:24 PAGE 1   


C51 COMPILER V9.54, COMPILATION OF MODULE READ_SECTOR
OBJECT MODULE PLACED IN .\Objects\Read_Sector.obj
COMPILER INVOKED BY: C:\Keil_v5\C51\BIN\C51.EXE Read_Sector.c OPTIMIZE(8,SPEED) BROWSE DEBUG OBJECTEXTEND PRINT(.\Listin
                    -gs\Read_Sector.lst) TABS(2) OBJECT(.\Objects\Read_Sector.obj)

line level    source

   1          #include "Main.H"
   2          #include "PORT.H"
   3          #include "SDCard.h"
   4          #include "Read_Sector.h"
   5          #include "stdio.h"
   6          
   7          
   8          
   9          
  10          uint8_t Read_Sector(uint32_t sector_number, uint16_t sector_size, uint8_t * array_for_data)
  11          {
  12   1        uint8_t SDtype,error_flag=No_Disk_Error;   
  13   1      
  14   1        SDtype=Return_SD_Card_Type();
  15   1        nCS0=0;
  16   1          error_flag=SEND_COMMAND(17,(sector_number<<SDtype));
  17   1          if(error_flag==no_errors) error_flag=read_block(sector_size,array_for_data);
  18   1          nCS0=1;
  19   1      
  20   1        if(error_flag!=no_errors)
  21   1        {
  22   2             error_flag=Disk_Error;
  23   2          }
  24   1          return error_flag;
  25   1      }


MODULE INFORMATION:   STATIC OVERLAYABLE
   CODE SIZE        =     67    ----
   CONSTANT SIZE    =   ----    ----
   XDATA SIZE       =   ----    ----
   PDATA SIZE       =   ----    ----
   DATA SIZE        =   ----       9
   IDATA SIZE       =   ----    ----
   BIT SIZE         =   ----    ----
END OF MODULE INFORMATION.


C51 COMPILATION COMPLETE.  0 WARNING(S),  0 ERROR(S)
