C51 COMPILER V9.54   SPI                                                                   12/15/2015 17:47:24 PAGE 1   


C51 COMPILER V9.54, COMPILATION OF MODULE SPI
OBJECT MODULE PLACED IN .\Objects\SPI.obj
COMPILER INVOKED BY: C:\Keil_v5\C51\BIN\C51.EXE SPI.c OPTIMIZE(8,SPEED) BROWSE DEBUG OBJECTEXTEND PRINT(.\Listings\SPI.l
                    -st) TABS(2) OBJECT(.\Objects\SPI.obj)

line level    source

   1          #include "main.h"
   2          #include "PORT.H"
   3          #include "SPI.h"
   4          
   5          
   6          /***********************************************************************
   7          DESC:    Sets up the SPI to master mode with the clock as close
   8                   to the input parameter as possible.
   9                   clock=32-bit 
  10          RETURNS: Error Flag
  11          CAUTION: Sets the CPHA to 0 and CPOL to 0
  12                   Disables SS and sets master mode 
  13          ************************************************************************/
  14          
  15          uint8_t SPI_Master_Init(uint32_t clock_rate)
  16          {
  17   1        uint8_t idata divider,return_val;
  18   1        return_val=init_okay;
  19   1        divider=(uint8_t)(((OSC_FREQ/OSC_PER_INST)*6)/clock_rate);
  20   1        if(divider<=2)
  21   1        {
  22   2           SPCON=0x70;
  23   2        }
  24   1        else if((divider>2)&&(divider<=4))
  25   1        {
  26   2           SPCON=0x71;
  27   2        }
  28   1        else if((divider>4)&&(divider<=8))
  29   1        {
  30   2           SPCON=0x72;
  31   2        }
  32   1        else if((divider>8)&&(divider<=16))
  33   1        {
  34   2           SPCON=0x73;
  35   2        } 
  36   1        else if((divider>16)&&(divider<=32))
  37   1        {
  38   2           SPCON=0xF0;
  39   2        }
  40   1        else if((divider>32)&&(divider<=64))
  41   1        {
  42   2           SPCON=0xF1;
  43   2        }
  44   1        else if((divider>64)&&(divider<=128))
  45   1        {
  46   2           SPCON=0xF2;
  47   2        }
  48   1        else  // if the SPI clock rate is too slow, a divider cannot be found
  49   1        {
  50   2          return_val=illegal_clockrate;
  51   2        }
  52   1        return return_val;
  53   1      }
  54          
C51 COMPILER V9.54   SPI                                                                   12/15/2015 17:47:24 PAGE 2   

  55          /***********************************************************************
  56          DESC:    Sends one byte using the SPI port and returns the received byte
  57                    
  58          RETURNS: SPI Error Flags | received byte
  59                   or a timeout error
  60          CAUTION: Waits for the SPI transfer to be complete
  61          ************************************************************************/
  62          
  63          
  64          uint8_t SPI_Transfer(uint8_t data_input, uint8_t * data_output)
  65          {
  66   1         uint8_t test, timeout;
  67   1         timeout=0;
  68   1         SPDAT=data_input;
  69   1         do
  70   1         {
  71   2            test=SPSTA;
  72   2          timeout++;
  73   2         }while(((test&0xF0)==0)&&(timeout!=0));
  74   1         if(timeout!=0)
  75   1         {
  76   2           if((test&0x70)==0)  // no errors
  77   2           {
  78   3               *data_output=SPDAT;
  79   3               timeout=no_errors;
  80   3           }
  81   2           else
  82   2           {
  83   3               *data_output=0xff;
  84   3               timeout=SPI_ERROR;
  85   3           }
  86   2         }
  87   1         else
  88   1         {
  89   2           *data_output=0xff;
  90   2           timeout=TIMEOUT_ERROR;
  91   2         }
  92   1         return timeout;
  93   1      }
  94           
  95          


MODULE INFORMATION:   STATIC OVERLAYABLE
   CODE SIZE        =    196    ----
   CONSTANT SIZE    =   ----    ----
   XDATA SIZE       =   ----    ----
   PDATA SIZE       =   ----    ----
   DATA SIZE        =   ----    ----
   IDATA SIZE       =   ----       2
   BIT SIZE         =   ----    ----
END OF MODULE INFORMATION.


C51 COMPILATION COMPLETE.  0 WARNING(S),  0 ERROR(S)
